<?xml version="1.0" encoding="UTF-8"?>
<coverage generated="1747572800919" clover="3.2.0">
  <project timestamp="1747572800919" name="All files">
    <metrics statements="204" coveredstatements="196" conditionals="55" coveredconditionals="41" methods="48" coveredmethods="46" elements="307" coveredelements="283" complexity="0" loc="204" ncloc="204" packages="13" files="21" classes="21"/>
    <package name="api">
      <metrics statements="13" coveredstatements="12" conditionals="4" coveredconditionals="2" methods="2" coveredmethods="2"/>
      <file name="index.ts" path="D:\Assesment\etraveli\etraveli-assignment\src\api\index.ts">
        <metrics statements="13" coveredstatements="12" conditionals="4" coveredconditionals="2" methods="2" coveredmethods="2"/>
        <line num="1" count="1" type="stmt"/>
        <line num="2" count="8" type="stmt"/>
        <line num="3" count="8" type="cond" truecount="1" falsecount="0"/>
        <line num="4" count="1" type="stmt"/>
        <line num="5" count="1" type="cond" truecount="1" falsecount="1"/>
        <line num="7" count="7" type="stmt"/>
        <line num="8" count="7" type="stmt"/>
        <line num="11" count="1" type="stmt"/>
        <line num="12" count="42" type="stmt"/>
        <line num="15" count="42" type="cond" truecount="0" falsecount="1"/>
        <line num="16" count="0" type="stmt"/>
        <line num="18" count="42" type="stmt"/>
        <line num="19" count="42" type="stmt"/>
      </file>
    </package>
    <package name="components.header">
      <metrics statements="8" coveredstatements="8" conditionals="0" coveredconditionals="0" methods="1" coveredmethods="1"/>
      <file name="index.tsx" path="D:\Assesment\etraveli\etraveli-assignment\src\components\header\index.tsx">
        <metrics statements="6" coveredstatements="6" conditionals="0" coveredconditionals="0" methods="1" coveredmethods="1"/>
        <line num="1" count="2" type="stmt"/>
        <line num="2" count="2" type="stmt"/>
        <line num="3" count="2" type="stmt"/>
        <line num="9" count="2" type="stmt"/>
        <line num="10" count="15" type="stmt"/>
        <line num="18" count="2" type="stmt"/>
      </file>
      <file name="styled.ts" path="D:\Assesment\etraveli\etraveli-assignment\src\components\header\styled.ts">
        <metrics statements="2" coveredstatements="2" conditionals="0" coveredconditionals="0" methods="0" coveredmethods="0"/>
        <line num="1" count="2" type="stmt"/>
        <line num="3" count="2" type="stmt"/>
      </file>
    </package>
    <package name="components.header.components.search-box">
      <metrics statements="3" coveredstatements="3" conditionals="0" coveredconditionals="0" methods="2" coveredmethods="2"/>
      <file name="index.tsx" path="D:\Assesment\etraveli\etraveli-assignment\src\components\header\components\search-box\index.tsx">
        <metrics statements="3" coveredstatements="3" conditionals="0" coveredconditionals="0" methods="2" coveredmethods="2"/>
        <line num="5" count="2" type="stmt"/>
        <line num="6" count="15" type="stmt"/>
        <line num="11" count="7" type="stmt"/>
      </file>
    </package>
    <package name="components.header.components.sortby">
      <metrics statements="9" coveredstatements="9" conditionals="0" coveredconditionals="0" methods="2" coveredmethods="2"/>
      <file name="index.tsx" path="D:\Assesment\etraveli\etraveli-assignment\src\components\header\components\sortby\index.tsx">
        <metrics statements="9" coveredstatements="9" conditionals="0" coveredconditionals="0" methods="2" coveredmethods="2"/>
        <line num="1" count="2" type="stmt"/>
        <line num="6" count="2" type="stmt"/>
        <line num="7" count="16" type="stmt"/>
        <line num="9" count="16" type="stmt"/>
        <line num="10" count="2" type="stmt"/>
        <line num="11" count="2" type="stmt"/>
        <line num="12" count="2" type="stmt"/>
        <line num="15" count="16" type="stmt"/>
        <line num="39" count="2" type="stmt"/>
      </file>
    </package>
    <package name="components.home">
      <metrics statements="41" coveredstatements="39" conditionals="13" coveredconditionals="10" methods="6" coveredmethods="6"/>
      <file name="index.tsx" path="D:\Assesment\etraveli\etraveli-assignment\src\components\home\index.tsx">
        <metrics statements="37" coveredstatements="35" conditionals="13" coveredconditionals="10" methods="6" coveredmethods="6"/>
        <line num="1" count="1" type="stmt"/>
        <line num="2" count="1" type="stmt"/>
        <line num="3" count="1" type="stmt"/>
        <line num="4" count="1" type="stmt"/>
        <line num="5" count="1" type="stmt"/>
        <line num="7" count="1" type="stmt"/>
        <line num="12" count="1" type="stmt"/>
        <line num="17" count="1" type="stmt"/>
        <line num="19" count="1" type="stmt"/>
        <line num="20" count="50" type="stmt"/>
        <line num="21" count="50" type="stmt"/>
        <line num="22" count="50" type="stmt"/>
        <line num="29" count="50" type="cond" truecount="2" falsecount="0"/>
        <line num="31" count="50" type="stmt"/>
        <line num="33" count="50" type="stmt"/>
        <line num="34" count="3" type="stmt"/>
        <line num="35" count="1" type="cond" truecount="1" falsecount="1"/>
        <line num="36" count="1" type="stmt"/>
        <line num="38" count="0" type="stmt"/>
        <line num="42" count="50" type="stmt"/>
        <line num="43" count="3" type="stmt"/>
        <line num="44" count="3" type="stmt"/>
        <line num="47" count="50" type="stmt"/>
        <line num="48" count="1" type="stmt"/>
        <line num="51" count="50" type="cond" truecount="3" falsecount="0"/>
        <line num="52" count="38" type="stmt"/>
        <line num="55" count="12" type="cond" truecount="1" falsecount="0"/>
        <line num="56" count="1" type="stmt"/>
        <line num="59" count="11" type="cond" truecount="0" falsecount="1"/>
        <line num="60" count="0" type="stmt"/>
        <line num="63" count="11" type="cond" truecount="1" falsecount="1"/>
        <line num="65" count="11" type="stmt"/>
        <line num="67" count="11" type="stmt"/>
        <line num="69" count="11" type="stmt"/>
        <line num="70" count="73" type="stmt"/>
        <line num="73" count="11" type="stmt"/>
        <line num="101" count="1" type="stmt"/>
      </file>
      <file name="styled.ts" path="D:\Assesment\etraveli\etraveli-assignment\src\components\home\styled.ts">
        <metrics statements="4" coveredstatements="4" conditionals="0" coveredconditionals="0" methods="0" coveredmethods="0"/>
        <line num="1" count="1" type="stmt"/>
        <line num="3" count="1" type="stmt"/>
        <line num="8" count="1" type="stmt"/>
        <line num="13" count="1" type="stmt"/>
      </file>
    </package>
    <package name="components.movie-description">
      <metrics statements="14" coveredstatements="13" conditionals="3" coveredconditionals="1" methods="1" coveredmethods="1"/>
      <file name="index.tsx" path="D:\Assesment\etraveli\etraveli-assignment\src\components\movie-description\index.tsx">
        <metrics statements="9" coveredstatements="8" conditionals="3" coveredconditionals="1" methods="1" coveredmethods="1"/>
        <line num="2" count="1" type="stmt"/>
        <line num="3" count="1" type="stmt"/>
        <line num="4" count="1" type="stmt"/>
        <line num="14" count="1" type="stmt"/>
        <line num="17" count="1" type="cond" truecount="0" falsecount="1"/>
        <line num="18" count="0" type="stmt"/>
        <line num="33" count="1" type="stmt"/>
        <line num="34" count="1" type="stmt"/>
        <line num="54" count="1" type="stmt"/>
      </file>
      <file name="styled.ts" path="D:\Assesment\etraveli\etraveli-assignment\src\components\movie-description\styled.ts">
        <metrics statements="5" coveredstatements="5" conditionals="0" coveredconditionals="0" methods="0" coveredmethods="0"/>
        <line num="1" count="1" type="stmt"/>
        <line num="3" count="1" type="stmt"/>
        <line num="7" count="1" type="stmt"/>
        <line num="12" count="1" type="stmt"/>
        <line num="19" count="1" type="stmt"/>
      </file>
    </package>
    <package name="components.movie-list">
      <metrics statements="20" coveredstatements="19" conditionals="5" coveredconditionals="4" methods="5" coveredmethods="5"/>
      <file name="index.tsx" path="D:\Assesment\etraveli\etraveli-assignment\src\components\movie-list\index.tsx">
        <metrics statements="10" coveredstatements="9" conditionals="1" coveredconditionals="0" methods="3" coveredmethods="3"/>
        <line num="3" count="1" type="stmt"/>
        <line num="12" count="1" type="stmt"/>
        <line num="20" count="1" type="stmt"/>
        <line num="25" count="11" type="cond" truecount="0" falsecount="1"/>
        <line num="26" count="0" type="stmt"/>
        <line num="33" count="11" type="stmt"/>
        <line num="47" count="74" type="stmt"/>
        <line num="48" count="74" type="stmt"/>
        <line num="52" count="1" type="stmt"/>
        <line num="70" count="1" type="stmt"/>
      </file>
      <file name="styled.ts" path="D:\Assesment\etraveli\etraveli-assignment\src\components\movie-list\styled.ts">
        <metrics statements="10" coveredstatements="10" conditionals="4" coveredconditionals="4" methods="2" coveredmethods="2"/>
        <line num="1" count="1" type="stmt"/>
        <line num="3" count="1" type="stmt"/>
        <line num="8" count="1" type="stmt"/>
        <line num="12" count="1" type="stmt"/>
        <line num="18" count="1" type="stmt"/>
        <line num="24" count="1" type="stmt"/>
        <line num="28" count="1" type="stmt"/>
        <line num="34" count="1" type="stmt"/>
        <line num="40" count="85" type="cond" truecount="2" falsecount="0"/>
        <line num="43" count="85" type="cond" truecount="2" falsecount="0"/>
      </file>
    </package>
    <package name="components.ratings">
      <metrics statements="8" coveredstatements="8" conditionals="0" coveredconditionals="0" methods="2" coveredmethods="2"/>
      <file name="index.tsx" path="D:\Assesment\etraveli\etraveli-assignment\src\components\ratings\index.tsx">
        <metrics statements="6" coveredstatements="6" conditionals="0" coveredconditionals="0" methods="2" coveredmethods="2"/>
        <line num="1" count="1" type="stmt"/>
        <line num="2" count="1" type="stmt"/>
        <line num="11" count="1" type="stmt"/>
        <line num="12" count="1" type="stmt"/>
        <line num="15" count="3" type="stmt"/>
        <line num="19" count="3" type="stmt"/>
      </file>
      <file name="styled.ts" path="D:\Assesment\etraveli\etraveli-assignment\src\components\ratings\styled.ts">
        <metrics statements="2" coveredstatements="2" conditionals="0" coveredconditionals="0" methods="0" coveredmethods="0"/>
        <line num="1" count="1" type="stmt"/>
        <line num="3" count="1" type="stmt"/>
      </file>
    </package>
    <package name="components.star-rating">
      <metrics statements="5" coveredstatements="5" conditionals="2" coveredconditionals="2" methods="2" coveredmethods="2"/>
      <file name="index.tsx" path="D:\Assesment\etraveli\etraveli-assignment\src\components\star-rating\index.tsx">
        <metrics statements="5" coveredstatements="5" conditionals="2" coveredconditionals="2" methods="2" coveredmethods="2"/>
        <line num="1" count="1" type="stmt"/>
        <line num="6" count="1" type="stmt"/>
        <line num="7" count="75" type="stmt"/>
        <line num="9" count="75" type="stmt"/>
        <line num="12" count="750" type="cond" truecount="2" falsecount="0"/>
      </file>
    </package>
    <package name="hooks">
      <metrics statements="16" coveredstatements="16" conditionals="2" coveredconditionals="2" methods="7" coveredmethods="7"/>
      <file name="useGetMovies.ts" path="D:\Assesment\etraveli\etraveli-assignment\src\hooks\useGetMovies.ts">
        <metrics statements="5" coveredstatements="5" conditionals="0" coveredconditionals="0" methods="1" coveredmethods="1"/>
        <line num="1" count="1" type="stmt"/>
        <line num="2" count="1" type="stmt"/>
        <line num="5" count="1" type="stmt"/>
        <line num="6" count="50" type="stmt"/>
        <line num="10" count="50" type="stmt"/>
      </file>
      <file name="useGetRatings.ts" path="D:\Assesment\etraveli\etraveli-assignment\src\hooks\useGetRatings.ts">
        <metrics statements="11" coveredstatements="11" conditionals="2" coveredconditionals="2" methods="6" coveredmethods="6"/>
        <line num="1" count="1" type="stmt"/>
        <line num="3" count="1" type="stmt"/>
        <line num="6" count="1" type="stmt"/>
        <line num="7" count="50" type="stmt"/>
        <line num="8" count="287" type="stmt"/>
        <line num="11" count="42" type="stmt"/>
        <line num="16" count="50" type="stmt"/>
        <line num="17" count="287" type="stmt"/>
        <line num="19" count="140" type="stmt"/>
        <line num="20" count="287" type="stmt"/>
        <line num="22" count="50" type="stmt"/>
      </file>
    </package>
    <package name="test">
      <metrics statements="19" coveredstatements="17" conditionals="0" coveredconditionals="0" methods="5" coveredmethods="3"/>
      <file name="handlers.ts" path="D:\Assesment\etraveli\etraveli-assignment\src\test\handlers.ts">
        <metrics statements="6" coveredstatements="6" conditionals="0" coveredconditionals="0" methods="2" coveredmethods="2"/>
        <line num="1" count="3" type="stmt"/>
        <line num="2" count="3" type="stmt"/>
        <line num="4" count="3" type="stmt"/>
        <line num="6" count="7" type="stmt"/>
        <line num="10" count="3" type="stmt"/>
        <line num="12" count="1" type="stmt"/>
      </file>
      <file name="server.ts" path="D:\Assesment\etraveli\etraveli-assignment\src\test\server.ts">
        <metrics statements="3" coveredstatements="3" conditionals="0" coveredconditionals="0" methods="0" coveredmethods="0"/>
        <line num="1" count="3" type="stmt"/>
        <line num="2" count="3" type="stmt"/>
        <line num="3" count="3" type="stmt"/>
      </file>
      <file name="test-utils.tsx" path="D:\Assesment\etraveli\etraveli-assignment\src\test\test-utils.tsx">
        <metrics statements="10" coveredstatements="8" conditionals="0" coveredconditionals="0" methods="3" coveredmethods="1"/>
        <line num="3" count="1" type="stmt"/>
        <line num="4" count="1" type="stmt"/>
        <line num="5" count="1" type="stmt"/>
        <line num="6" count="1" type="stmt"/>
        <line num="9" count="1" type="stmt"/>
        <line num="10" count="8" type="stmt"/>
        <line num="16" count="8" type="stmt"/>
        <line num="21" count="1" type="stmt"/>
        <line num="22" count="0" type="stmt"/>
        <line num="24" count="0" type="stmt"/>
      </file>
    </package>
    <package name="test.mocks">
      <metrics statements="5" coveredstatements="5" conditionals="0" coveredconditionals="0" methods="0" coveredmethods="0"/>
      <file name="movies.ts" path="D:\Assesment\etraveli\etraveli-assignment\src\test\mocks\movies.ts">
        <metrics statements="5" coveredstatements="5" conditionals="0" coveredconditionals="0" methods="0" coveredmethods="0"/>
        <line num="3" count="3" type="stmt"/>
        <line num="551" count="3" type="stmt"/>
        <line num="1099" count="3" type="stmt"/>
        <line num="1398" count="3" type="stmt"/>
        <line num="1442" count="3" type="stmt"/>
      </file>
    </package>
    <package name="utils">
      <metrics statements="43" coveredstatements="42" conditionals="26" coveredconditionals="20" methods="13" coveredmethods="13"/>
      <file name="index.ts" path="D:\Assesment\etraveli\etraveli-assignment\src\utils\index.ts">
        <metrics statements="43" coveredstatements="42" conditionals="26" coveredconditionals="20" methods="13" coveredmethods="13"/>
        <line num="3" count="2" type="stmt"/>
        <line num="4" count="262" type="cond" truecount="4" falsecount="0"/>
        <line num="6" count="87" type="stmt"/>
        <line num="10" count="87" type="stmt"/>
        <line num="14" count="87" type="stmt"/>
        <line num="15" count="87" type="stmt"/>
        <line num="19" count="1" type="stmt"/>
        <line num="20" count="1" type="stmt"/>
        <line num="24" count="2" type="stmt"/>
        <line num="27" count="81" type="stmt"/>
        <line num="28" count="81" type="cond" truecount="1" falsecount="0"/>
        <line num="30" count="80" type="stmt"/>
        <line num="31" count="80" type="stmt"/>
        <line num="32" count="240" type="stmt"/>
        <line num="33" count="240" type="stmt"/>
        <line num="34" count="240" type="stmt"/>
        <line num="37" count="80" type="stmt"/>
        <line num="40" count="2" type="stmt"/>
        <line num="44" count="16" type="cond" truecount="5" falsecount="0"/>
        <line num="46" count="24" type="stmt"/>
        <line num="48" count="13" type="stmt"/>
        <line num="50" count="1" type="stmt"/>
        <line num="52" count="6" type="stmt"/>
        <line num="56" count="1" type="stmt"/>
        <line num="57" count="12" type="cond" truecount="1" falsecount="1"/>
        <line num="58" count="12" type="cond" truecount="1" falsecount="1"/>
        <line num="60" count="12" type="cond" truecount="1" falsecount="0"/>
        <line num="61" count="6" type="cond" truecount="1" falsecount="0"/>
        <line num="62" count="0" type="stmt"/>
        <line num="65" count="11" type="stmt"/>
        <line num="69" count="2" type="stmt"/>
        <line num="73" count="11" type="cond" truecount="2" falsecount="0"/>
        <line num="75" count="21" type="cond" truecount="1" falsecount="1"/>
        <line num="80" count="2" type="stmt"/>
        <line num="84" count="78" type="stmt"/>
        <line num="92" count="12" type="stmt"/>
        <line num="93" count="78" type="stmt"/>
        <line num="94" count="309" type="stmt"/>
        <line num="97" count="78" type="cond" truecount="1" falsecount="1"/>
        <line num="98" count="78" type="cond" truecount="1" falsecount="1"/>
        <line num="99" count="78" type="cond" truecount="1" falsecount="1"/>
        <line num="100" count="78" type="stmt"/>
        <line num="103" count="12" type="stmt"/>
      </file>
    </package>
  </project>
</coverage>
