<?xml version="1.0" encoding="UTF-8"?>
<coverage generated="1747496932412" clover="3.2.0">
  <project timestamp="1747496932412" name="All files">
    <metrics statements="17" coveredstatements="17" conditionals="5" coveredconditionals="5" methods="2" coveredmethods="2" elements="24" coveredelements="24" complexity="0" loc="17" ncloc="17" packages="1" files="1" classes="1"/>
    <file name="index.ts" path="D:\Assesment\etraveli\etraveli-assignment\src\utils\index.ts">
      <metrics statements="17" coveredstatements="17" conditionals="5" coveredconditionals="5" methods="2" coveredmethods="2"/>
      <line num="1" count="1" type="stmt"/>
      <line num="2" count="25" type="cond" truecount="4" falsecount="0"/>
      <line num="4" count="8" type="stmt"/>
      <line num="8" count="8" type="stmt"/>
      <line num="12" count="8" type="stmt"/>
      <line num="13" count="8" type="stmt"/>
      <line num="17" count="1" type="stmt"/>
      <line num="18" count="1" type="stmt"/>
      <line num="22" count="1" type="stmt"/>
      <line num="25" count="3" type="stmt"/>
      <line num="26" count="3" type="cond" truecount="1" falsecount="0"/>
      <line num="28" count="2" type="stmt"/>
      <line num="29" count="2" type="stmt"/>
      <line num="30" count="6" type="stmt"/>
      <line num="31" count="6" type="stmt"/>
      <line num="32" count="6" type="stmt"/>
      <line num="35" count="2" type="stmt"/>
    </file>
  </project>
</coverage>
