{"D:\\Assesment\\etraveli\\etraveli-assignment\\src\\api\\index.ts": {"path":"D:\\Assesment\\etraveli\\etraveli-assignment\\src\\api\\index.ts","statementMap":{"0":{"start":{"line":1,"column":25},"end":{"line":9,"column":1}},"1":{"start":{"line":2,"column":19},"end":{"line":2,"column":79}},"2":{"start":{"line":3,"column":2},"end":{"line":6,"column":3}},"3":{"start":{"line":4,"column":22},"end":{"line":4,"column":43}},"4":{"start":{"line":5,"column":4},"end":{"line":5,"column":65}},"5":{"start":{"line":7,"column":15},"end":{"line":7,"column":36}},"6":{"start":{"line":8,"column":2},"end":{"line":8,"column":14}},"7":{"start":{"line":1,"column":13},"end":{"line":1,"column":25}},"8":{"start":{"line":11,"column":38},"end":{"line":20,"column":1}},"9":{"start":{"line":12,"column":19},"end":{"line":13,"column":null}},"10":{"start":{"line":15,"column":2},"end":{"line":17,"column":3}},"11":{"start":{"line":16,"column":4},"end":{"line":16,"column":51}},"12":{"start":{"line":18,"column":15},"end":{"line":18,"column":36}},"13":{"start":{"line":19,"column":2},"end":{"line":19,"column":14}},"14":{"start":{"line":11,"column":13},"end":{"line":11,"column":38}}},"fnMap":{"0":{"name":"(anonymous_0)","decl":{"start":{"line":1,"column":25},"end":{"line":1,"column":30}},"loc":{"start":{"line":1,"column":36},"end":{"line":9,"column":1}}},"1":{"name":"(anonymous_1)","decl":{"start":{"line":11,"column":38},"end":{"line":11,"column":43}},"loc":{"start":{"line":11,"column":76},"end":{"line":20,"column":1}}}},"branchMap":{"0":{"loc":{"start":{"line":3,"column":2},"end":{"line":6,"column":3}},"type":"if","locations":[{"start":{"line":3,"column":2},"end":{"line":6,"column":3}}]},"1":{"loc":{"start":{"line":5,"column":20},"end":{"line":5,"column":63}},"type":"binary-expr","locations":[{"start":{"line":5,"column":20},"end":{"line":5,"column":37}},{"start":{"line":5,"column":41},"end":{"line":5,"column":63}}]},"2":{"loc":{"start":{"line":15,"column":2},"end":{"line":17,"column":3}},"type":"if","locations":[{"start":{"line":15,"column":2},"end":{"line":17,"column":3}}]}},"s":{"0":1,"1":8,"2":8,"3":1,"4":1,"5":7,"6":7,"7":1,"8":1,"9":42,"10":42,"11":0,"12":42,"13":42,"14":1},"f":{"0":8,"1":42},"b":{"0":[1],"1":[1,0],"2":[0]}}
,"D:\\Assesment\\etraveli\\etraveli-assignment\\src\\components\\header\\index.tsx": {"path":"D:\\Assesment\\etraveli\\etraveli-assignment\\src\\components\\header\\index.tsx","statementMap":{"0":{"start":{"line":1,"column":0},"end":{"line":1,"column":41}},"1":{"start":{"line":2,"column":0},"end":{"line":2,"column":52}},"2":{"start":{"line":3,"column":0},"end":{"line":3,"column":40}},"3":{"start":{"line":9,"column":15},"end":{"line":16,"column":1}},"4":{"start":{"line":10,"column":2},"end":{"line":15,"column":4}},"5":{"start":{"line":18,"column":0},"end":{"line":18,"column":22}}},"fnMap":{"0":{"name":"(anonymous_1)","decl":{"start":{"line":9,"column":15},"end":{"line":9,"column":16}},"loc":{"start":{"line":9,"column":70},"end":{"line":16,"column":1}}}},"branchMap":{},"s":{"0":2,"1":2,"2":2,"3":2,"4":15,"5":2},"f":{"0":15},"b":{}}
,"D:\\Assesment\\etraveli\\etraveli-assignment\\src\\components\\header\\styled.ts": {"path":"D:\\Assesment\\etraveli\\etraveli-assignment\\src\\components\\header\\styled.ts","statementMap":{"0":{"start":{"line":1,"column":0},"end":{"line":1,"column":39}},"1":{"start":{"line":3,"column":13},"end":{"line":7,"column":2}}},"fnMap":{},"branchMap":{},"s":{"0":2,"1":2},"f":{},"b":{}}
,"D:\\Assesment\\etraveli\\etraveli-assignment\\src\\components\\header\\components\\search-box\\index.tsx": {"path":"D:\\Assesment\\etraveli\\etraveli-assignment\\src\\components\\header\\components\\search-box\\index.tsx","statementMap":{"0":{"start":{"line":5,"column":25},"end":{"line":21,"column":1}},"1":{"start":{"line":6,"column":2},"end":{"line":20,"column":4}},"2":{"start":{"line":11,"column":8},"end":{"line":11,"column":33}},"3":{"start":{"line":5,"column":13},"end":{"line":5,"column":25}}},"fnMap":{"0":{"name":"(anonymous_0)","decl":{"start":{"line":5,"column":25},"end":{"line":5,"column":26}},"loc":{"start":{"line":5,"column":58},"end":{"line":21,"column":1}}},"1":{"name":"(anonymous_1)","decl":{"start":{"line":10,"column":16},"end":{"line":10,"column":17}},"loc":{"start":{"line":10,"column":22},"end":{"line":12,"column":7}}}},"branchMap":{},"s":{"0":2,"1":15,"2":7,"3":2},"f":{"0":15,"1":7},"b":{}}
,"D:\\Assesment\\etraveli\\etraveli-assignment\\src\\components\\header\\components\\sortby\\index.tsx": {"path":"D:\\Assesment\\etraveli\\etraveli-assignment\\src\\components\\header\\components\\sortby\\index.tsx","statementMap":{"0":{"start":{"line":1,"column":0},"end":{"line":1,"column":40}},"1":{"start":{"line":6,"column":15},"end":{"line":37,"column":1}},"2":{"start":{"line":7,"column":38},"end":{"line":7,"column":50}},"3":{"start":{"line":9,"column":27},"end":{"line":13,"column":3}},"4":{"start":{"line":10,"column":18},"end":{"line":10,"column":36}},"5":{"start":{"line":11,"column":4},"end":{"line":11,"column":25}},"6":{"start":{"line":12,"column":4},"end":{"line":12,"column":24}},"7":{"start":{"line":15,"column":2},"end":{"line":36,"column":4}},"8":{"start":{"line":39,"column":0},"end":{"line":39,"column":22}}},"fnMap":{"0":{"name":"(anonymous_0)","decl":{"start":{"line":6,"column":15},"end":{"line":6,"column":16}},"loc":{"start":{"line":6,"column":49},"end":{"line":37,"column":1}}},"1":{"name":"(anonymous_1)","decl":{"start":{"line":9,"column":27},"end":{"line":9,"column":28}},"loc":{"start":{"line":9,"column":75},"end":{"line":13,"column":3}}}},"branchMap":{},"s":{"0":2,"1":2,"2":16,"3":16,"4":2,"5":2,"6":2,"7":16,"8":2},"f":{"0":16,"1":2},"b":{}}
,"D:\\Assesment\\etraveli\\etraveli-assignment\\src\\components\\home\\index.tsx": {"path":"D:\\Assesment\\etraveli\\etraveli-assignment\\src\\components\\home\\index.tsx","statementMap":{"0":{"start":{"line":1,"column":0},"end":{"line":1,"column":33}},"1":{"start":{"line":2,"column":0},"end":{"line":2,"column":31}},"2":{"start":{"line":3,"column":0},"end":{"line":3,"column":38}},"3":{"start":{"line":4,"column":0},"end":{"line":4,"column":52}},"4":{"start":{"line":5,"column":0},"end":{"line":5,"column":56}},"5":{"start":{"line":7,"column":0},"end":{"line":7,"column":null}},"6":{"start":{"line":12,"column":0},"end":{"line":12,"column":null}},"7":{"start":{"line":17,"column":0},"end":{"line":17,"column":62}},"8":{"start":{"line":19,"column":13},"end":{"line":99,"column":1}},"9":{"start":{"line":20,"column":30},"end":{"line":20,"column":42}},"10":{"start":{"line":21,"column":36},"end":{"line":21,"column":65}},"11":{"start":{"line":22,"column":37},"end":{"line":22,"column":51}},"12":{"start":{"line":29,"column":6},"end":{"line":29,"column":44}},"13":{"start":{"line":31,"column":44},"end":{"line":31,"column":72}},"14":{"start":{"line":33,"column":27},"end":{"line":40,"column":3}},"15":{"start":{"line":34,"column":18},"end":{"line":34,"column":79}},"16":{"start":{"line":34,"column":48},"end":{"line":34,"column":78}},"17":{"start":{"line":35,"column":4},"end":{"line":39,"column":5}},"18":{"start":{"line":36,"column":6},"end":{"line":36,"column":30}},"19":{"start":{"line":38,"column":6},"end":{"line":38,"column":29}},"20":{"start":{"line":42,"column":23},"end":{"line":45,"column":3}},"21":{"start":{"line":43,"column":4},"end":{"line":43,"column":27}},"22":{"start":{"line":44,"column":4},"end":{"line":44,"column":29}},"23":{"start":{"line":47,"column":27},"end":{"line":49,"column":3}},"24":{"start":{"line":48,"column":4},"end":{"line":48,"column":22}},"25":{"start":{"line":51,"column":2},"end":{"line":53,"column":3}},"26":{"start":{"line":52,"column":4},"end":{"line":52,"column":33}},"27":{"start":{"line":55,"column":2},"end":{"line":57,"column":3}},"28":{"start":{"line":56,"column":4},"end":{"line":56,"column":45}},"29":{"start":{"line":59,"column":2},"end":{"line":61,"column":3}},"30":{"start":{"line":60,"column":4},"end":{"line":60,"column":50}},"31":{"start":{"line":63,"column":32},"end":{"line":63,"column":79}},"32":{"start":{"line":65,"column":25},"end":{"line":65,"column":76}},"33":{"start":{"line":67,"column":23},"end":{"line":67,"column":62}},"34":{"start":{"line":69,"column":31},"end":{"line":70,"column":null}},"35":{"start":{"line":70,"column":15},"end":{"line":70,"column":60}},"36":{"start":{"line":73,"column":2},"end":{"line":98,"column":4}},"37":{"start":{"line":101,"column":0},"end":{"line":101,"column":20}}},"fnMap":{"0":{"name":"(anonymous_1)","decl":{"start":{"line":19,"column":13},"end":{"line":19,"column":16}},"loc":{"start":{"line":19,"column":18},"end":{"line":99,"column":1}}},"1":{"name":"(anonymous_2)","decl":{"start":{"line":33,"column":27},"end":{"line":33,"column":28}},"loc":{"start":{"line":33,"column":49},"end":{"line":40,"column":3}}},"2":{"name":"(anonymous_3)","decl":{"start":{"line":34,"column":37},"end":{"line":34,"column":38}},"loc":{"start":{"line":34,"column":48},"end":{"line":34,"column":78}}},"3":{"name":"(anonymous_4)","decl":{"start":{"line":42,"column":23},"end":{"line":42,"column":24}},"loc":{"start":{"line":42,"column":46},"end":{"line":45,"column":3}}},"4":{"name":"(anonymous_5)","decl":{"start":{"line":47,"column":27},"end":{"line":47,"column":28}},"loc":{"start":{"line":47,"column":46},"end":{"line":49,"column":3}}},"5":{"name":"(anonymous_6)","decl":{"start":{"line":70,"column":4},"end":{"line":70,"column":5}},"loc":{"start":{"line":70,"column":15},"end":{"line":70,"column":60}}}},"branchMap":{"0":{"loc":{"start":{"line":29,"column":24},"end":{"line":29,"column":43}},"type":"binary-expr","locations":[{"start":{"line":29,"column":24},"end":{"line":29,"column":37}},{"start":{"line":29,"column":41},"end":{"line":29,"column":43}}]},"1":{"loc":{"start":{"line":35,"column":4},"end":{"line":39,"column":5}},"type":"if","locations":[{"start":{"line":35,"column":4},"end":{"line":39,"column":5}},{"start":{"line":37,"column":11},"end":{"line":39,"column":5}}]},"2":{"loc":{"start":{"line":51,"column":2},"end":{"line":53,"column":3}},"type":"if","locations":[{"start":{"line":51,"column":2},"end":{"line":53,"column":3}}]},"3":{"loc":{"start":{"line":51,"column":6},"end":{"line":51,"column":40}},"type":"binary-expr","locations":[{"start":{"line":51,"column":6},"end":{"line":51,"column":15}},{"start":{"line":51,"column":19},"end":{"line":51,"column":40}}]},"4":{"loc":{"start":{"line":55,"column":2},"end":{"line":57,"column":3}},"type":"if","locations":[{"start":{"line":55,"column":2},"end":{"line":57,"column":3}}]},"5":{"loc":{"start":{"line":59,"column":2},"end":{"line":61,"column":3}},"type":"if","locations":[{"start":{"line":59,"column":2},"end":{"line":61,"column":3}}]},"6":{"loc":{"start":{"line":63,"column":46},"end":{"line":63,"column":65}},"type":"binary-expr","locations":[{"start":{"line":63,"column":46},"end":{"line":63,"column":59}},{"start":{"line":63,"column":63},"end":{"line":63,"column":65}}]},"7":{"loc":{"start":{"line":88,"column":11},"end":{"line":93,"column":null}},"type":"cond-expr","locations":[{"start":{"line":89,"column":12},"end":{"line":89,"column":76}},{"start":{"line":91,"column":12},"end":{"line":91,"column":null}}]}},"s":{"0":1,"1":1,"2":1,"3":1,"4":1,"5":1,"6":1,"7":1,"8":1,"9":51,"10":51,"11":51,"12":51,"13":51,"14":51,"15":1,"16":3,"17":1,"18":1,"19":0,"20":51,"21":3,"22":3,"23":51,"24":1,"25":51,"26":39,"27":12,"28":1,"29":11,"30":0,"31":11,"32":11,"33":11,"34":11,"35":73,"36":11,"37":1},"f":{"0":51,"1":1,"2":3,"3":3,"4":1,"5":73},"b":{"0":[51,9],"1":[1,0],"2":[39],"3":[51,43],"4":[1],"5":[0],"6":[11,0],"7":[1,10]}}
,"D:\\Assesment\\etraveli\\etraveli-assignment\\src\\components\\home\\styled.ts": {"path":"D:\\Assesment\\etraveli\\etraveli-assignment\\src\\components\\home\\styled.ts","statementMap":{"0":{"start":{"line":1,"column":0},"end":{"line":1,"column":39}},"1":{"start":{"line":3,"column":13},"end":{"line":6,"column":2}},"2":{"start":{"line":8,"column":13},"end":{"line":11,"column":2}},"3":{"start":{"line":13,"column":13},"end":{"line":15,"column":2}}},"fnMap":{},"branchMap":{},"s":{"0":1,"1":1,"2":1,"3":1},"f":{},"b":{}}
,"D:\\Assesment\\etraveli\\etraveli-assignment\\src\\components\\movie-description\\index.tsx": {"path":"D:\\Assesment\\etraveli\\etraveli-assignment\\src\\components\\movie-description\\index.tsx","statementMap":{"0":{"start":{"line":2,"column":0},"end":{"line":2,"column":37}},"1":{"start":{"line":3,"column":0},"end":{"line":3,"column":44}},"2":{"start":{"line":4,"column":0},"end":{"line":4,"column":null}},"3":{"start":{"line":14,"column":25},"end":{"line":53,"column":1}},"4":{"start":{"line":17,"column":2},"end":{"line":23,"column":3}},"5":{"start":{"line":18,"column":4},"end":{"line":22,"column":6}},"6":{"start":{"line":33,"column":6},"end":{"line":33,"column":26}},"7":{"start":{"line":34,"column":2},"end":{"line":52,"column":4}},"8":{"start":{"line":54,"column":0},"end":{"line":54,"column":32}}},"fnMap":{"0":{"name":"(anonymous_0)","decl":{"start":{"line":14,"column":25},"end":{"line":14,"column":26}},"loc":{"start":{"line":16,"column":32},"end":{"line":53,"column":1}}}},"branchMap":{"0":{"loc":{"start":{"line":17,"column":2},"end":{"line":23,"column":3}},"type":"if","locations":[{"start":{"line":17,"column":2},"end":{"line":23,"column":3}}]},"1":{"loc":{"start":{"line":50,"column":24},"end":{"line":50,"column":37}},"type":"binary-expr","locations":[{"start":{"line":50,"column":24},"end":{"line":50,"column":31}},{"start":{"line":50,"column":35},"end":{"line":50,"column":37}}]}},"s":{"0":1,"1":1,"2":1,"3":1,"4":1,"5":0,"6":1,"7":1,"8":1},"f":{"0":1},"b":{"0":[0],"1":[1,0]}}
,"D:\\Assesment\\etraveli\\etraveli-assignment\\src\\components\\movie-description\\styled.ts": {"path":"D:\\Assesment\\etraveli\\etraveli-assignment\\src\\components\\movie-description\\styled.ts","statementMap":{"0":{"start":{"line":1,"column":0},"end":{"line":1,"column":39}},"1":{"start":{"line":3,"column":13},"end":{"line":5,"column":2}},"2":{"start":{"line":7,"column":13},"end":{"line":10,"column":2}},"3":{"start":{"line":12,"column":13},"end":{"line":17,"column":2}},"4":{"start":{"line":19,"column":13},"end":{"line":22,"column":2}}},"fnMap":{},"branchMap":{},"s":{"0":1,"1":1,"2":1,"3":1,"4":1},"f":{},"b":{}}
,"D:\\Assesment\\etraveli\\etraveli-assignment\\src\\components\\movie-list\\index.tsx": {"path":"D:\\Assesment\\etraveli\\etraveli-assignment\\src\\components\\movie-list\\index.tsx","statementMap":{"0":{"start":{"line":3,"column":0},"end":{"line":3,"column":null}},"1":{"start":{"line":12,"column":0},"end":{"line":12,"column":44}},"2":{"start":{"line":20,"column":18},"end":{"line":68,"column":1}},"3":{"start":{"line":25,"column":2},"end":{"line":31,"column":3}},"4":{"start":{"line":26,"column":4},"end":{"line":30,"column":6}},"5":{"start":{"line":33,"column":2},"end":{"line":67,"column":4}},"6":{"start":{"line":47,"column":63},"end":{"line":47,"column":68}},"7":{"start":{"line":48,"column":10},"end":{"line":63,"column":12}},"8":{"start":{"line":52,"column":29},"end":{"line":52,"column":47}},"9":{"start":{"line":70,"column":0},"end":{"line":70,"column":25}}},"fnMap":{"0":{"name":"(anonymous_0)","decl":{"start":{"line":20,"column":18},"end":{"line":20,"column":19}},"loc":{"start":{"line":24,"column":21},"end":{"line":68,"column":1}}},"1":{"name":"(anonymous_1)","decl":{"start":{"line":46,"column":34},"end":{"line":46,"column":35}},"loc":{"start":{"line":46,"column":44},"end":{"line":64,"column":9}}},"2":{"name":"(anonymous_2)","decl":{"start":{"line":52,"column":23},"end":{"line":52,"column":26}},"loc":{"start":{"line":52,"column":29},"end":{"line":52,"column":47}}}},"branchMap":{"0":{"loc":{"start":{"line":25,"column":2},"end":{"line":31,"column":3}},"type":"if","locations":[{"start":{"line":25,"column":2},"end":{"line":31,"column":3}}]}},"s":{"0":1,"1":1,"2":1,"3":11,"4":0,"5":11,"6":74,"7":74,"8":1,"9":1},"f":{"0":11,"1":74,"2":1},"b":{"0":[0]}}
,"D:\\Assesment\\etraveli\\etraveli-assignment\\src\\components\\movie-list\\styled.ts": {"path":"D:\\Assesment\\etraveli\\etraveli-assignment\\src\\components\\movie-list\\styled.ts","statementMap":{"0":{"start":{"line":1,"column":0},"end":{"line":1,"column":39}},"1":{"start":{"line":3,"column":13},"end":{"line":7,"column":2}},"2":{"start":{"line":8,"column":13},"end":{"line":10,"column":2}},"3":{"start":{"line":12,"column":13},"end":{"line":16,"column":2}},"4":{"start":{"line":18,"column":13},"end":{"line":22,"column":2}},"5":{"start":{"line":24,"column":13},"end":{"line":27,"column":2}},"6":{"start":{"line":28,"column":13},"end":{"line":32,"column":2}},"7":{"start":{"line":34,"column":13},"end":{"line":44,"column":2}},"8":{"start":{"line":40,"column":6},"end":{"line":40,"column":45}},"9":{"start":{"line":43,"column":4},"end":{"line":43,"column":47}}},"fnMap":{"0":{"name":"(anonymous_1)","decl":{"start":{"line":39,"column":24},"end":{"line":39,"column":25}},"loc":{"start":{"line":40,"column":6},"end":{"line":40,"column":45}}},"1":{"name":"(anonymous_2)","decl":{"start":{"line":42,"column":22},"end":{"line":42,"column":23}},"loc":{"start":{"line":43,"column":4},"end":{"line":43,"column":47}}}},"branchMap":{"0":{"loc":{"start":{"line":40,"column":6},"end":{"line":40,"column":45}},"type":"cond-expr","locations":[{"start":{"line":40,"column":24},"end":{"line":40,"column":33}},{"start":{"line":40,"column":36},"end":{"line":40,"column":45}}]},"1":{"loc":{"start":{"line":43,"column":4},"end":{"line":43,"column":47}},"type":"cond-expr","locations":[{"start":{"line":43,"column":22},"end":{"line":43,"column":31}},{"start":{"line":43,"column":34},"end":{"line":43,"column":47}}]}},"s":{"0":1,"1":1,"2":1,"3":1,"4":1,"5":1,"6":1,"7":1,"8":85,"9":85},"f":{"0":85,"1":85},"b":{"0":[1,84],"1":[1,84]}}
,"D:\\Assesment\\etraveli\\etraveli-assignment\\src\\components\\ratings\\index.tsx": {"path":"D:\\Assesment\\etraveli\\etraveli-assignment\\src\\components\\ratings\\index.tsx","statementMap":{"0":{"start":{"line":1,"column":0},"end":{"line":1,"column":50}},"1":{"start":{"line":2,"column":0},"end":{"line":2,"column":43}},"2":{"start":{"line":11,"column":23},"end":{"line":27,"column":1}},"3":{"start":{"line":12,"column":2},"end":{"line":26,"column":4}},"4":{"start":{"line":15,"column":33},"end":{"line":17,"column":null}},"5":{"start":{"line":19,"column":8},"end":{"line":23,"column":10}},"6":{"start":{"line":11,"column":13},"end":{"line":11,"column":23}}},"fnMap":{"0":{"name":"(anonymous_0)","decl":{"start":{"line":11,"column":23},"end":{"line":11,"column":24}},"loc":{"start":{"line":11,"column":48},"end":{"line":27,"column":1}}},"1":{"name":"(anonymous_1)","decl":{"start":{"line":14,"column":19},"end":{"line":14,"column":20}},"loc":{"start":{"line":14,"column":30},"end":{"line":24,"column":7}}}},"branchMap":{},"s":{"0":1,"1":1,"2":1,"3":1,"4":3,"5":3,"6":1},"f":{"0":1,"1":3},"b":{}}
,"D:\\Assesment\\etraveli\\etraveli-assignment\\src\\components\\ratings\\styled.ts": {"path":"D:\\Assesment\\etraveli\\etraveli-assignment\\src\\components\\ratings\\styled.ts","statementMap":{"0":{"start":{"line":1,"column":0},"end":{"line":1,"column":39}},"1":{"start":{"line":3,"column":13},"end":{"line":9,"column":2}}},"fnMap":{},"branchMap":{},"s":{"0":1,"1":1},"f":{},"b":{}}
,"D:\\Assesment\\etraveli\\etraveli-assignment\\src\\components\\star-rating\\index.tsx": {"path":"D:\\Assesment\\etraveli\\etraveli-assignment\\src\\components\\star-rating\\index.tsx","statementMap":{"0":{"start":{"line":1,"column":0},"end":{"line":1,"column":59}},"1":{"start":{"line":6,"column":26},"end":{"line":20,"column":1}},"2":{"start":{"line":7,"column":17},"end":{"line":7,"column":52}},"3":{"start":{"line":9,"column":2},"end":{"line":19,"column":4}},"4":{"start":{"line":12,"column":8},"end":{"line":15,"column":null}},"5":{"start":{"line":6,"column":13},"end":{"line":6,"column":26}}},"fnMap":{"0":{"name":"(anonymous_0)","decl":{"start":{"line":6,"column":26},"end":{"line":6,"column":27}},"loc":{"start":{"line":6,"column":62},"end":{"line":20,"column":1}}},"1":{"name":"(anonymous_1)","decl":{"start":{"line":11,"column":38},"end":{"line":11,"column":39}},"loc":{"start":{"line":12,"column":8},"end":{"line":15,"column":null}}}},"branchMap":{"0":{"loc":{"start":{"line":12,"column":8},"end":{"line":15,"column":null}},"type":"cond-expr","locations":[{"start":{"line":13,"column":10},"end":{"line":13,"column":34}},{"start":{"line":15,"column":10},"end":{"line":15,"column":37}}]}},"s":{"0":1,"1":1,"2":75,"3":75,"4":750,"5":1},"f":{"0":75,"1":750},"b":{"0":[564,186]}}
,"D:\\Assesment\\etraveli\\etraveli-assignment\\src\\hooks\\useGetMovies.ts": {"path":"D:\\Assesment\\etraveli\\etraveli-assignment\\src\\hooks\\useGetMovies.ts","statementMap":{"0":{"start":{"line":1,"column":0},"end":{"line":1,"column":49}},"1":{"start":{"line":2,"column":0},"end":{"line":2,"column":35}},"2":{"start":{"line":5,"column":28},"end":{"line":11,"column":1}},"3":{"start":{"line":6,"column":37},"end":{"line":9,"column":4}},"4":{"start":{"line":10,"column":2},"end":{"line":10,"column":36}},"5":{"start":{"line":5,"column":13},"end":{"line":5,"column":28}}},"fnMap":{"0":{"name":"(anonymous_0)","decl":{"start":{"line":5,"column":28},"end":{"line":5,"column":31}},"loc":{"start":{"line":5,"column":33},"end":{"line":11,"column":1}}}},"branchMap":{},"s":{"0":1,"1":1,"2":1,"3":51,"4":51,"5":1},"f":{"0":51},"b":{}}
,"D:\\Assesment\\etraveli\\etraveli-assignment\\src\\hooks\\useGetRatings.ts": {"path":"D:\\Assesment\\etraveli\\etraveli-assignment\\src\\hooks\\useGetRatings.ts","statementMap":{"0":{"start":{"line":1,"column":0},"end":{"line":1,"column":48}},"1":{"start":{"line":3,"column":0},"end":{"line":3,"column":51}},"2":{"start":{"line":6,"column":33},"end":{"line":23,"column":1}},"3":{"start":{"line":7,"column":23},"end":{"line":14,"column":4}},"4":{"start":{"line":8,"column":36},"end":{"line":13,"column":6}},"5":{"start":{"line":11,"column":8},"end":{"line":11,"column":77}},"6":{"start":{"line":16,"column":42},"end":{"line":17,"column":null}},"7":{"start":{"line":17,"column":15},"end":{"line":17,"column":25}},"8":{"start":{"line":19,"column":20},"end":{"line":19,"column":65}},"9":{"start":{"line":19,"column":49},"end":{"line":19,"column":64}},"10":{"start":{"line":20,"column":18},"end":{"line":20,"column":59}},"11":{"start":{"line":20,"column":47},"end":{"line":20,"column":58}},"12":{"start":{"line":22,"column":2},"end":{"line":22,"column":59}},"13":{"start":{"line":6,"column":13},"end":{"line":6,"column":33}}},"fnMap":{"0":{"name":"(anonymous_0)","decl":{"start":{"line":6,"column":33},"end":{"line":6,"column":34}},"loc":{"start":{"line":6,"column":53},"end":{"line":23,"column":1}}},"1":{"name":"(anonymous_1)","decl":{"start":{"line":8,"column":24},"end":{"line":8,"column":25}},"loc":{"start":{"line":8,"column":36},"end":{"line":13,"column":6}}},"2":{"name":"(anonymous_2)","decl":{"start":{"line":10,"column":15},"end":{"line":10,"column":18}},"loc":{"start":{"line":11,"column":8},"end":{"line":11,"column":77}}},"3":{"name":"(anonymous_3)","decl":{"start":{"line":17,"column":4},"end":{"line":17,"column":5}},"loc":{"start":{"line":17,"column":15},"end":{"line":17,"column":25}}},"4":{"name":"(anonymous_4)","decl":{"start":{"line":19,"column":38},"end":{"line":19,"column":39}},"loc":{"start":{"line":19,"column":49},"end":{"line":19,"column":64}}},"5":{"name":"(anonymous_5)","decl":{"start":{"line":20,"column":36},"end":{"line":20,"column":37}},"loc":{"start":{"line":20,"column":47},"end":{"line":20,"column":58}}}},"branchMap":{"0":{"loc":{"start":{"line":12,"column":15},"end":{"line":12,"column":52}},"type":"binary-expr","locations":[{"start":{"line":12,"column":15},"end":{"line":12,"column":28}},{"start":{"line":12,"column":32},"end":{"line":12,"column":52}}]}},"s":{"0":1,"1":1,"2":1,"3":51,"4":294,"5":42,"6":51,"7":294,"8":51,"9":142,"10":51,"11":294,"12":51,"13":1},"f":{"0":51,"1":294,"2":42,"3":294,"4":142,"5":294},"b":{"0":[294,294]}}
,"D:\\Assesment\\etraveli\\etraveli-assignment\\src\\test\\handlers.ts": {"path":"D:\\Assesment\\etraveli\\etraveli-assignment\\src\\test\\handlers.ts","statementMap":{"0":{"start":{"line":1,"column":0},"end":{"line":1,"column":57}},"1":{"start":{"line":2,"column":0},"end":{"line":2,"column":27}},"2":{"start":{"line":4,"column":13},"end":{"line":8,"column":2}},"3":{"start":{"line":6,"column":4},"end":{"line":6,"column":62}},"4":{"start":{"line":10,"column":13},"end":{"line":14,"column":2}},"5":{"start":{"line":12,"column":4},"end":{"line":12,"column":80}}},"fnMap":{"0":{"name":"(anonymous_0)","decl":{"start":{"line":5,"column":48},"end":{"line":5,"column":49}},"loc":{"start":{"line":5,"column":66},"end":{"line":7,"column":3}}},"1":{"name":"(anonymous_1)","decl":{"start":{"line":11,"column":48},"end":{"line":11,"column":49}},"loc":{"start":{"line":11,"column":66},"end":{"line":13,"column":3}}}},"branchMap":{},"s":{"0":3,"1":3,"2":3,"3":7,"4":3,"5":1},"f":{"0":7,"1":1},"b":{}}
,"D:\\Assesment\\etraveli\\etraveli-assignment\\src\\test\\server.ts": {"path":"D:\\Assesment\\etraveli\\etraveli-assignment\\src\\test\\server.ts","statementMap":{"0":{"start":{"line":1,"column":0},"end":{"line":1,"column":39}},"1":{"start":{"line":2,"column":0},"end":{"line":2,"column":38}},"2":{"start":{"line":3,"column":13},"end":{"line":3,"column":47}}},"fnMap":{},"branchMap":{},"s":{"0":3,"1":3,"2":3},"f":{},"b":{}}
,"D:\\Assesment\\etraveli\\etraveli-assignment\\src\\test\\test-utils.tsx": {"path":"D:\\Assesment\\etraveli\\etraveli-assignment\\src\\test\\test-utils.tsx","statementMap":{"0":{"start":{"line":3,"column":0},"end":{"line":3,"column":48}},"1":{"start":{"line":4,"column":0},"end":{"line":4,"column":73}},"2":{"start":{"line":5,"column":0},"end":{"line":5,"column":34}},"3":{"start":{"line":6,"column":0},"end":{"line":6,"column":27}},"4":{"start":{"line":9,"column":32},"end":{"line":19,"column":1}},"5":{"start":{"line":10,"column":22},"end":{"line":14,"column":4}},"6":{"start":{"line":16,"column":2},"end":{"line":18,"column":4}},"7":{"start":{"line":9,"column":13},"end":{"line":9,"column":32}},"8":{"start":{"line":21,"column":28},"end":{"line":27,"column":1}},"9":{"start":{"line":22,"column":2},"end":{"line":26,"column":4}},"10":{"start":{"line":24,"column":6},"end":{"line":24,"column":50}},"11":{"start":{"line":21,"column":13},"end":{"line":21,"column":28}}},"fnMap":{"0":{"name":"(anonymous_0)","decl":{"start":{"line":9,"column":32},"end":{"line":9,"column":33}},"loc":{"start":{"line":9,"column":59},"end":{"line":19,"column":1}}},"1":{"name":"(anonymous_1)","decl":{"start":{"line":21,"column":28},"end":{"line":21,"column":29}},"loc":{"start":{"line":21,"column":52},"end":{"line":27,"column":1}}},"2":{"name":"(anonymous_2)","decl":{"start":{"line":23,"column":50},"end":{"line":23,"column":51}},"loc":{"start":{"line":23,"column":68},"end":{"line":25,"column":5}}}},"branchMap":{},"s":{"0":1,"1":1,"2":1,"3":1,"4":1,"5":8,"6":8,"7":1,"8":1,"9":0,"10":0,"11":1},"f":{"0":8,"1":0,"2":0},"b":{}}
,"D:\\Assesment\\etraveli\\etraveli-assignment\\src\\test\\mocks\\movies.ts": {"path":"D:\\Assesment\\etraveli\\etraveli-assignment\\src\\test\\mocks\\movies.ts","statementMap":{"0":{"start":{"line":3,"column":13},"end":{"line":549,"column":2}},"1":{"start":{"line":551,"column":13},"end":{"line":1097,"column":2}},"2":{"start":{"line":1099,"column":13},"end":{"line":1396,"column":2}},"3":{"start":{"line":1398,"column":13},"end":{"line":1440,"column":2}},"4":{"start":{"line":1442,"column":13},"end":{"line":1618,"column":2}}},"fnMap":{},"branchMap":{},"s":{"0":3,"1":3,"2":3,"3":3,"4":3},"f":{},"b":{}}
,"D:\\Assesment\\etraveli\\etraveli-assignment\\src\\utils\\index.ts": {"path":"D:\\Assesment\\etraveli\\etraveli-assignment\\src\\utils\\index.ts","statementMap":{"0":{"start":{"line":3,"column":35},"end":{"line":22,"column":1}},"1":{"start":{"line":4,"column":2},"end":{"line":21,"column":3}},"2":{"start":{"line":6,"column":6},"end":{"line":6,"column":48}},"3":{"start":{"line":10,"column":6},"end":{"line":10,"column":50}},"4":{"start":{"line":14,"column":22},"end":{"line":14,"column":38}},"5":{"start":{"line":15,"column":6},"end":{"line":15,"column":33}},"6":{"start":{"line":19,"column":6},"end":{"line":19,"column":55}},"7":{"start":{"line":20,"column":6},"end":{"line":20,"column":15}},"8":{"start":{"line":3,"column":13},"end":{"line":3,"column":35}},"9":{"start":{"line":24,"column":32},"end":{"line":38,"column":1}},"10":{"start":{"line":27,"column":23},"end":{"line":27,"column":37}},"11":{"start":{"line":28,"column":2},"end":{"line":28,"column":35}},"12":{"start":{"line":28,"column":26},"end":{"line":28,"column":35}},"13":{"start":{"line":30,"column":24},"end":{"line":30,"column":25}},"14":{"start":{"line":31,"column":2},"end":{"line":35,"column":3}},"15":{"start":{"line":31,"column":15},"end":{"line":31,"column":16}},"16":{"start":{"line":32,"column":19},"end":{"line":32,"column":29}},"17":{"start":{"line":33,"column":29},"end":{"line":33,"column":77}},"18":{"start":{"line":34,"column":4},"end":{"line":34,"column":40}},"19":{"start":{"line":37,"column":2},"end":{"line":37,"column":52}},"20":{"start":{"line":24,"column":13},"end":{"line":24,"column":32}},"21":{"start":{"line":40,"column":31},"end":{"line":67,"column":1}},"22":{"start":{"line":44,"column":2},"end":{"line":66,"column":3}},"23":{"start":{"line":46,"column":6},"end":{"line":46,"column":67}},"24":{"start":{"line":46,"column":40},"end":{"line":46,"column":65}},"25":{"start":{"line":48,"column":6},"end":{"line":48,"column":67}},"26":{"start":{"line":48,"column":40},"end":{"line":48,"column":65}},"27":{"start":{"line":50,"column":6},"end":{"line":54,"column":8}},"28":{"start":{"line":52,"column":10},"end":{"line":53,"column":47}},"29":{"start":{"line":56,"column":6},"end":{"line":63,"column":9}},"30":{"start":{"line":57,"column":24},"end":{"line":57,"column":40}},"31":{"start":{"line":58,"column":24},"end":{"line":58,"column":40}},"32":{"start":{"line":60,"column":8},"end":{"line":60,"column":41}},"33":{"start":{"line":60,"column":31},"end":{"line":60,"column":41}},"34":{"start":{"line":61,"column":8},"end":{"line":61,"column":40}},"35":{"start":{"line":61,"column":31},"end":{"line":61,"column":40}},"36":{"start":{"line":62,"column":8},"end":{"line":62,"column":17}},"37":{"start":{"line":65,"column":6},"end":{"line":65,"column":20}},"38":{"start":{"line":40,"column":13},"end":{"line":40,"column":31}},"39":{"start":{"line":69,"column":33},"end":{"line":78,"column":1}},"40":{"start":{"line":73,"column":2},"end":{"line":77,"column":28}},"41":{"start":{"line":75,"column":8},"end":{"line":75,"column":73}},"42":{"start":{"line":69,"column":13},"end":{"line":69,"column":33}},"43":{"start":{"line":80,"column":29},"end":{"line":104,"column":1}},"44":{"start":{"line":84,"column":20},"end":{"line":90,"column":5}},"45":{"start":{"line":84,"column":42},"end":{"line":90,"column":4}},"46":{"start":{"line":92,"column":28},"end":{"line":101,"column":4}},"47":{"start":{"line":93,"column":25},"end":{"line":94,"column":null}},"48":{"start":{"line":94,"column":6},"end":{"line":94,"column":42}},"49":{"start":{"line":97,"column":19},"end":{"line":97,"column":45}},"50":{"start":{"line":98,"column":20},"end":{"line":98,"column":47}},"51":{"start":{"line":99,"column":22},"end":{"line":99,"column":67}},"52":{"start":{"line":100,"column":4},"end":{"line":100,"column":52}},"53":{"start":{"line":103,"column":2},"end":{"line":103,"column":27}},"54":{"start":{"line":80,"column":13},"end":{"line":80,"column":29}}},"fnMap":{"0":{"name":"(anonymous_0)","decl":{"start":{"line":3,"column":35},"end":{"line":3,"column":36}},"loc":{"start":{"line":3,"column":69},"end":{"line":22,"column":1}}},"1":{"name":"(anonymous_1)","decl":{"start":{"line":24,"column":32},"end":{"line":24,"column":null}},"loc":{"start":{"line":26,"column":4},"end":{"line":38,"column":1}}},"2":{"name":"(anonymous_2)","decl":{"start":{"line":40,"column":31},"end":{"line":40,"column":null}},"loc":{"start":{"line":43,"column":4},"end":{"line":67,"column":1}}},"3":{"name":"(anonymous_3)","decl":{"start":{"line":46,"column":30},"end":{"line":46,"column":31}},"loc":{"start":{"line":46,"column":40},"end":{"line":46,"column":65}}},"4":{"name":"(anonymous_4)","decl":{"start":{"line":48,"column":30},"end":{"line":48,"column":31}},"loc":{"start":{"line":48,"column":40},"end":{"line":48,"column":65}}},"5":{"name":"(anonymous_5)","decl":{"start":{"line":51,"column":8},"end":{"line":51,"column":9}},"loc":{"start":{"line":52,"column":10},"end":{"line":53,"column":47}}},"6":{"name":"(anonymous_6)","decl":{"start":{"line":56,"column":30},"end":{"line":56,"column":31}},"loc":{"start":{"line":56,"column":39},"end":{"line":63,"column":7}}},"7":{"name":"(anonymous_7)","decl":{"start":{"line":69,"column":33},"end":{"line":69,"column":null}},"loc":{"start":{"line":72,"column":4},"end":{"line":78,"column":1}}},"8":{"name":"(anonymous_8)","decl":{"start":{"line":74,"column":35},"end":{"line":74,"column":36}},"loc":{"start":{"line":75,"column":8},"end":{"line":75,"column":73}}},"9":{"name":"(anonymous_9)","decl":{"start":{"line":80,"column":29},"end":{"line":80,"column":null}},"loc":{"start":{"line":83,"column":27},"end":{"line":104,"column":1}}},"10":{"name":"(anonymous_10)","decl":{"start":{"line":84,"column":30},"end":{"line":84,"column":31}},"loc":{"start":{"line":84,"column":42},"end":{"line":90,"column":4}}},"11":{"name":"(anonymous_11)","decl":{"start":{"line":92,"column":42},"end":{"line":92,"column":43}},"loc":{"start":{"line":92,"column":52},"end":{"line":101,"column":3}}},"12":{"name":"(anonymous_12)","decl":{"start":{"line":93,"column":42},"end":{"line":93,"column":43}},"loc":{"start":{"line":94,"column":6},"end":{"line":94,"column":42}}}},"branchMap":{"0":{"loc":{"start":{"line":4,"column":2},"end":{"line":21,"column":3}},"type":"switch","locations":[{"start":{"line":5,"column":4},"end":{"line":7,"column":5}},{"start":{"line":9,"column":4},"end":{"line":11,"column":5}},{"start":{"line":13,"column":4},"end":{"line":16,"column":5}},{"start":{"line":18,"column":4},"end":{"line":20,"column":15}}]},"1":{"loc":{"start":{"line":28,"column":2},"end":{"line":28,"column":35}},"type":"if","locations":[{"start":{"line":28,"column":2},"end":{"line":28,"column":35}}]},"2":{"loc":{"start":{"line":44,"column":2},"end":{"line":66,"column":3}},"type":"switch","locations":[{"start":{"line":45,"column":4},"end":{"line":46,"column":67}},{"start":{"line":47,"column":4},"end":{"line":48,"column":67}},{"start":{"line":49,"column":4},"end":{"line":54,"column":8}},{"start":{"line":55,"column":4},"end":{"line":63,"column":9}},{"start":{"line":64,"column":4},"end":{"line":65,"column":20}}]},"3":{"loc":{"start":{"line":57,"column":24},"end":{"line":57,"column":40}},"type":"binary-expr","locations":[{"start":{"line":57,"column":24},"end":{"line":57,"column":35}},{"start":{"line":57,"column":39},"end":{"line":57,"column":40}}]},"4":{"loc":{"start":{"line":58,"column":24},"end":{"line":58,"column":40}},"type":"binary-expr","locations":[{"start":{"line":58,"column":24},"end":{"line":58,"column":35}},{"start":{"line":58,"column":39},"end":{"line":58,"column":40}}]},"5":{"loc":{"start":{"line":60,"column":8},"end":{"line":60,"column":41}},"type":"if","locations":[{"start":{"line":60,"column":8},"end":{"line":60,"column":41}}]},"6":{"loc":{"start":{"line":61,"column":8},"end":{"line":61,"column":40}},"type":"if","locations":[{"start":{"line":61,"column":8},"end":{"line":61,"column":40}}]},"7":{"loc":{"start":{"line":73,"column":9},"end":{"line":77,"column":27}},"type":"cond-expr","locations":[{"start":{"line":74,"column":6},"end":{"line":75,"column":null}},{"start":{"line":77,"column":6},"end":{"line":77,"column":27}}]},"8":{"loc":{"start":{"line":75,"column":43},"end":{"line":75,"column":72}},"type":"binary-expr","locations":[{"start":{"line":75,"column":43},"end":{"line":75,"column":66}},{"start":{"line":75,"column":70},"end":{"line":75,"column":72}}]},"9":{"loc":{"start":{"line":97,"column":19},"end":{"line":97,"column":45}},"type":"binary-expr","locations":[{"start":{"line":97,"column":19},"end":{"line":97,"column":39}},{"start":{"line":97,"column":43},"end":{"line":97,"column":45}}]},"10":{"loc":{"start":{"line":98,"column":20},"end":{"line":98,"column":47}},"type":"binary-expr","locations":[{"start":{"line":98,"column":20},"end":{"line":98,"column":41}},{"start":{"line":98,"column":45},"end":{"line":98,"column":47}}]},"11":{"loc":{"start":{"line":99,"column":39},"end":{"line":99,"column":66}},"type":"binary-expr","locations":[{"start":{"line":99,"column":39},"end":{"line":99,"column":60}},{"start":{"line":99,"column":64},"end":{"line":99,"column":66}}]}},"s":{"0":2,"1":262,"2":87,"3":87,"4":87,"5":87,"6":1,"7":1,"8":2,"9":2,"10":81,"11":81,"12":1,"13":80,"14":80,"15":80,"16":240,"17":240,"18":240,"19":80,"20":2,"21":2,"22":16,"23":2,"24":24,"25":1,"26":13,"27":1,"28":6,"29":1,"30":12,"31":12,"32":12,"33":6,"34":6,"35":6,"36":0,"37":11,"38":2,"39":2,"40":11,"41":21,"42":2,"43":2,"44":12,"45":78,"46":12,"47":78,"48":309,"49":78,"50":78,"51":78,"52":78,"53":12,"54":2},"f":{"0":262,"1":81,"2":16,"3":24,"4":13,"5":6,"6":12,"7":11,"8":21,"9":12,"10":78,"11":78,"12":309},"b":{"0":[87,87,87,1],"1":[1],"2":[2,1,1,1,11],"3":[12,0],"4":[12,0],"5":[6],"6":[6],"7":[3,8],"8":[21,0],"9":[78,0],"10":[78,0],"11":[78,0]}}
}
