{"D:\\Assesment\\etraveli\\etraveli-assignment\\src\\api\\index.ts": {"path":"D:\\Assesment\\etraveli\\etraveli-assignment\\src\\api\\index.ts","statementMap":{"0":{"start":{"line":1,"column":25},"end":{"line":8,"column":1}},"1":{"start":{"line":2,"column":19},"end":{"line":2,"column":79}},"2":{"start":{"line":3,"column":2},"end":{"line":5,"column":3}},"3":{"start":{"line":4,"column":4},"end":{"line":4,"column":51}},"4":{"start":{"line":6,"column":15},"end":{"line":6,"column":36}},"5":{"start":{"line":7,"column":2},"end":{"line":7,"column":14}},"6":{"start":{"line":1,"column":13},"end":{"line":1,"column":25}},"7":{"start":{"line":10,"column":38},"end":{"line":19,"column":1}},"8":{"start":{"line":11,"column":19},"end":{"line":12,"column":null}},"9":{"start":{"line":14,"column":2},"end":{"line":16,"column":3}},"10":{"start":{"line":15,"column":4},"end":{"line":15,"column":51}},"11":{"start":{"line":17,"column":15},"end":{"line":17,"column":36}},"12":{"start":{"line":18,"column":2},"end":{"line":18,"column":14}},"13":{"start":{"line":10,"column":13},"end":{"line":10,"column":38}}},"fnMap":{"0":{"name":"(anonymous_0)","decl":{"start":{"line":1,"column":25},"end":{"line":1,"column":30}},"loc":{"start":{"line":1,"column":36},"end":{"line":8,"column":1}}},"1":{"name":"(anonymous_1)","decl":{"start":{"line":10,"column":38},"end":{"line":10,"column":43}},"loc":{"start":{"line":10,"column":76},"end":{"line":19,"column":1}}}},"branchMap":{"0":{"loc":{"start":{"line":3,"column":2},"end":{"line":5,"column":3}},"type":"if","locations":[{"start":{"line":3,"column":2},"end":{"line":5,"column":3}}]},"1":{"loc":{"start":{"line":14,"column":2},"end":{"line":16,"column":3}},"type":"if","locations":[{"start":{"line":14,"column":2},"end":{"line":16,"column":3}}]}},"s":{"0":1,"1":6,"2":6,"3":0,"4":6,"5":6,"6":1,"7":1,"8":0,"9":0,"10":0,"11":0,"12":0,"13":1},"f":{"0":6,"1":0},"b":{"0":[0],"1":[0]}}
,"D:\\Assesment\\etraveli\\etraveli-assignment\\src\\components\\header\\index.tsx": {"path":"D:\\Assesment\\etraveli\\etraveli-assignment\\src\\components\\header\\index.tsx","statementMap":{"0":{"start":{"line":1,"column":0},"end":{"line":1,"column":41}},"1":{"start":{"line":2,"column":0},"end":{"line":2,"column":52}},"2":{"start":{"line":3,"column":0},"end":{"line":3,"column":40}},"3":{"start":{"line":9,"column":15},"end":{"line":16,"column":1}},"4":{"start":{"line":10,"column":2},"end":{"line":15,"column":4}},"5":{"start":{"line":18,"column":0},"end":{"line":18,"column":22}}},"fnMap":{"0":{"name":"(anonymous_1)","decl":{"start":{"line":9,"column":15},"end":{"line":9,"column":16}},"loc":{"start":{"line":9,"column":70},"end":{"line":16,"column":1}}}},"branchMap":{},"s":{"0":2,"1":2,"2":2,"3":2,"4":18,"5":2},"f":{"0":18},"b":{}}
,"D:\\Assesment\\etraveli\\etraveli-assignment\\src\\components\\header\\styled.ts": {"path":"D:\\Assesment\\etraveli\\etraveli-assignment\\src\\components\\header\\styled.ts","statementMap":{"0":{"start":{"line":1,"column":0},"end":{"line":1,"column":39}},"1":{"start":{"line":3,"column":13},"end":{"line":7,"column":2}}},"fnMap":{},"branchMap":{},"s":{"0":2,"1":2},"f":{},"b":{}}
,"D:\\Assesment\\etraveli\\etraveli-assignment\\src\\components\\header\\components\\search-box\\index.tsx": {"path":"D:\\Assesment\\etraveli\\etraveli-assignment\\src\\components\\header\\components\\search-box\\index.tsx","statementMap":{"0":{"start":{"line":5,"column":25},"end":{"line":21,"column":1}},"1":{"start":{"line":6,"column":2},"end":{"line":20,"column":4}},"2":{"start":{"line":11,"column":8},"end":{"line":11,"column":33}},"3":{"start":{"line":5,"column":13},"end":{"line":5,"column":25}}},"fnMap":{"0":{"name":"(anonymous_0)","decl":{"start":{"line":5,"column":25},"end":{"line":5,"column":26}},"loc":{"start":{"line":5,"column":58},"end":{"line":21,"column":1}}},"1":{"name":"(anonymous_1)","decl":{"start":{"line":10,"column":16},"end":{"line":10,"column":17}},"loc":{"start":{"line":10,"column":22},"end":{"line":12,"column":7}}}},"branchMap":{},"s":{"0":2,"1":18,"2":7,"3":2},"f":{"0":18,"1":7},"b":{}}
,"D:\\Assesment\\etraveli\\etraveli-assignment\\src\\components\\header\\components\\sortby\\index.tsx": {"path":"D:\\Assesment\\etraveli\\etraveli-assignment\\src\\components\\header\\components\\sortby\\index.tsx","statementMap":{"0":{"start":{"line":1,"column":0},"end":{"line":1,"column":40}},"1":{"start":{"line":6,"column":15},"end":{"line":36,"column":1}},"2":{"start":{"line":7,"column":38},"end":{"line":7,"column":50}},"3":{"start":{"line":9,"column":27},"end":{"line":13,"column":3}},"4":{"start":{"line":10,"column":18},"end":{"line":10,"column":36}},"5":{"start":{"line":11,"column":4},"end":{"line":11,"column":25}},"6":{"start":{"line":12,"column":4},"end":{"line":12,"column":24}},"7":{"start":{"line":15,"column":2},"end":{"line":35,"column":4}},"8":{"start":{"line":38,"column":0},"end":{"line":38,"column":22}}},"fnMap":{"0":{"name":"(anonymous_0)","decl":{"start":{"line":6,"column":15},"end":{"line":6,"column":16}},"loc":{"start":{"line":6,"column":49},"end":{"line":36,"column":1}}},"1":{"name":"(anonymous_1)","decl":{"start":{"line":9,"column":27},"end":{"line":9,"column":28}},"loc":{"start":{"line":9,"column":75},"end":{"line":13,"column":3}}}},"branchMap":{},"s":{"0":2,"1":2,"2":19,"3":19,"4":2,"5":2,"6":2,"7":19,"8":2},"f":{"0":19,"1":2},"b":{}}
,"D:\\Assesment\\etraveli\\etraveli-assignment\\src\\components\\home\\index.tsx": {"path":"D:\\Assesment\\etraveli\\etraveli-assignment\\src\\components\\home\\index.tsx","statementMap":{"0":{"start":{"line":1,"column":0},"end":{"line":1,"column":44}},"1":{"start":{"line":2,"column":0},"end":{"line":2,"column":31}},"2":{"start":{"line":3,"column":0},"end":{"line":3,"column":38}},"3":{"start":{"line":4,"column":0},"end":{"line":4,"column":52}},"4":{"start":{"line":5,"column":0},"end":{"line":5,"column":56}},"5":{"start":{"line":8,"column":13},"end":{"line":93,"column":1}},"6":{"start":{"line":9,"column":37},"end":{"line":9,"column":51}},"7":{"start":{"line":11,"column":44},"end":{"line":11,"column":72}},"8":{"start":{"line":13,"column":36},"end":{"line":13,"column":55}},"9":{"start":{"line":15,"column":2},"end":{"line":19,"column":24}},"10":{"start":{"line":16,"column":4},"end":{"line":18,"column":5}},"11":{"start":{"line":17,"column":6},"end":{"line":17,"column":40}},"12":{"start":{"line":21,"column":27},"end":{"line":28,"column":3}},"13":{"start":{"line":22,"column":18},"end":{"line":22,"column":79}},"14":{"start":{"line":22,"column":48},"end":{"line":22,"column":78}},"15":{"start":{"line":23,"column":4},"end":{"line":27,"column":5}},"16":{"start":{"line":24,"column":6},"end":{"line":24,"column":30}},"17":{"start":{"line":26,"column":6},"end":{"line":26,"column":29}},"18":{"start":{"line":30,"column":23},"end":{"line":36,"column":3}},"19":{"start":{"line":31,"column":4},"end":{"line":31,"column":27}},"20":{"start":{"line":32,"column":27},"end":{"line":33,"column":null}},"21":{"start":{"line":33,"column":6},"end":{"line":33,"column":66}},"22":{"start":{"line":35,"column":4},"end":{"line":35,"column":39}},"23":{"start":{"line":38,"column":27},"end":{"line":56,"column":3}},"24":{"start":{"line":40,"column":4},"end":{"line":54,"column":5}},"25":{"start":{"line":41,"column":6},"end":{"line":42,"column":80}},"26":{"start":{"line":42,"column":51},"end":{"line":42,"column":78}},"27":{"start":{"line":43,"column":11},"end":{"line":54,"column":5}},"28":{"start":{"line":44,"column":6},"end":{"line":45,"column":80}},"29":{"start":{"line":45,"column":51},"end":{"line":45,"column":78}},"30":{"start":{"line":46,"column":11},"end":{"line":54,"column":5}},"31":{"start":{"line":47,"column":6},"end":{"line":53,"column":10}},"32":{"start":{"line":51,"column":12},"end":{"line":52,"column":50}},"33":{"start":{"line":55,"column":4},"end":{"line":55,"column":31}},"34":{"start":{"line":59,"column":4},"end":{"line":63,"column":13}},"35":{"start":{"line":59,"column":31},"end":{"line":63,"column":6}},"36":{"start":{"line":65,"column":2},"end":{"line":67,"column":3}},"37":{"start":{"line":66,"column":4},"end":{"line":66,"column":33}},"38":{"start":{"line":69,"column":2},"end":{"line":71,"column":3}},"39":{"start":{"line":70,"column":4},"end":{"line":70,"column":45}},"40":{"start":{"line":73,"column":2},"end":{"line":92,"column":4}},"41":{"start":{"line":95,"column":0},"end":{"line":95,"column":20}}},"fnMap":{"0":{"name":"(anonymous_1)","decl":{"start":{"line":8,"column":13},"end":{"line":8,"column":16}},"loc":{"start":{"line":8,"column":18},"end":{"line":93,"column":1}}},"1":{"name":"(anonymous_2)","decl":{"start":{"line":15,"column":12},"end":{"line":15,"column":15}},"loc":{"start":{"line":15,"column":17},"end":{"line":19,"column":3}}},"2":{"name":"(anonymous_3)","decl":{"start":{"line":21,"column":27},"end":{"line":21,"column":28}},"loc":{"start":{"line":21,"column":49},"end":{"line":28,"column":3}}},"3":{"name":"(anonymous_4)","decl":{"start":{"line":22,"column":37},"end":{"line":22,"column":38}},"loc":{"start":{"line":22,"column":48},"end":{"line":22,"column":78}}},"4":{"name":"(anonymous_5)","decl":{"start":{"line":30,"column":23},"end":{"line":30,"column":24}},"loc":{"start":{"line":30,"column":46},"end":{"line":36,"column":3}}},"5":{"name":"(anonymous_6)","decl":{"start":{"line":32,"column":48},"end":{"line":32,"column":49}},"loc":{"start":{"line":33,"column":6},"end":{"line":33,"column":66}}},"6":{"name":"(anonymous_7)","decl":{"start":{"line":38,"column":27},"end":{"line":38,"column":28}},"loc":{"start":{"line":38,"column":50},"end":{"line":56,"column":3}}},"7":{"name":"(anonymous_8)","decl":{"start":{"line":42,"column":41},"end":{"line":42,"column":42}},"loc":{"start":{"line":42,"column":51},"end":{"line":42,"column":78}}},"8":{"name":"(anonymous_9)","decl":{"start":{"line":45,"column":41},"end":{"line":45,"column":42}},"loc":{"start":{"line":45,"column":51},"end":{"line":45,"column":78}}},"9":{"name":"(anonymous_10)","decl":{"start":{"line":50,"column":10},"end":{"line":50,"column":11}},"loc":{"start":{"line":51,"column":12},"end":{"line":52,"column":50}}},"10":{"name":"(anonymous_11)","decl":{"start":{"line":59,"column":19},"end":{"line":59,"column":20}},"loc":{"start":{"line":59,"column":31},"end":{"line":63,"column":6}}}},"branchMap":{"0":{"loc":{"start":{"line":16,"column":4},"end":{"line":18,"column":5}},"type":"if","locations":[{"start":{"line":16,"column":4},"end":{"line":18,"column":5}}]},"1":{"loc":{"start":{"line":17,"column":19},"end":{"line":17,"column":38}},"type":"binary-expr","locations":[{"start":{"line":17,"column":19},"end":{"line":17,"column":32}},{"start":{"line":17,"column":36},"end":{"line":17,"column":38}}]},"2":{"loc":{"start":{"line":23,"column":4},"end":{"line":27,"column":5}},"type":"if","locations":[{"start":{"line":23,"column":4},"end":{"line":27,"column":5}},{"start":{"line":25,"column":11},"end":{"line":27,"column":5}}]},"3":{"loc":{"start":{"line":35,"column":17},"end":{"line":35,"column":37}},"type":"binary-expr","locations":[{"start":{"line":35,"column":17},"end":{"line":35,"column":31}},{"start":{"line":35,"column":35},"end":{"line":35,"column":37}}]},"4":{"loc":{"start":{"line":40,"column":4},"end":{"line":54,"column":5}},"type":"if","locations":[{"start":{"line":40,"column":4},"end":{"line":54,"column":5}},{"start":{"line":43,"column":11},"end":{"line":54,"column":5}}]},"5":{"loc":{"start":{"line":42,"column":8},"end":{"line":42,"column":79}},"type":"binary-expr","locations":[{"start":{"line":42,"column":8},"end":{"line":42,"column":17}},{"start":{"line":42,"column":21},"end":{"line":42,"column":79}}]},"6":{"loc":{"start":{"line":43,"column":11},"end":{"line":54,"column":5}},"type":"if","locations":[{"start":{"line":43,"column":11},"end":{"line":54,"column":5}},{"start":{"line":46,"column":11},"end":{"line":54,"column":5}}]},"7":{"loc":{"start":{"line":45,"column":8},"end":{"line":45,"column":79}},"type":"binary-expr","locations":[{"start":{"line":45,"column":8},"end":{"line":45,"column":17}},{"start":{"line":45,"column":21},"end":{"line":45,"column":79}}]},"8":{"loc":{"start":{"line":46,"column":11},"end":{"line":54,"column":5}},"type":"if","locations":[{"start":{"line":46,"column":11},"end":{"line":54,"column":5}}]},"9":{"loc":{"start":{"line":48,"column":8},"end":{"line":52,"column":null}},"type":"binary-expr","locations":[{"start":{"line":48,"column":8},"end":{"line":48,"column":17}},{"start":{"line":49,"column":8},"end":{"line":52,"column":null}}]},"10":{"loc":{"start":{"line":59,"column":4},"end":{"line":63,"column":13}},"type":"binary-expr","locations":[{"start":{"line":59,"column":4},"end":{"line":63,"column":7}},{"start":{"line":63,"column":11},"end":{"line":63,"column":13}}]},"11":{"loc":{"start":{"line":65,"column":2},"end":{"line":67,"column":3}},"type":"if","locations":[{"start":{"line":65,"column":2},"end":{"line":67,"column":3}}]},"12":{"loc":{"start":{"line":69,"column":2},"end":{"line":71,"column":3}},"type":"if","locations":[{"start":{"line":69,"column":2},"end":{"line":71,"column":3}}]}},"s":{"0":1,"1":1,"2":1,"3":1,"4":1,"5":1,"6":20,"7":20,"8":20,"9":20,"10":11,"11":5,"12":20,"13":0,"14":0,"15":0,"16":0,"17":0,"18":20,"19":3,"20":3,"21":21,"22":3,"23":20,"24":1,"25":1,"26":12,"27":0,"28":0,"29":0,"30":0,"31":0,"32":0,"33":1,"34":20,"35":60,"36":20,"37":6,"38":14,"39":0,"40":14,"41":1},"f":{"0":20,"1":11,"2":0,"3":0,"4":3,"5":21,"6":1,"7":12,"8":0,"9":0,"10":60},"b":{"0":[5],"1":[5,0],"2":[0,0],"3":[3,0],"4":[1,0],"5":[1,1],"6":[0,0],"7":[0,0],"8":[0],"9":[0,0],"10":[20,11],"11":[6],"12":[0]}}
,"D:\\Assesment\\etraveli\\etraveli-assignment\\src\\components\\movie-description\\index.tsx": {"path":"D:\\Assesment\\etraveli\\etraveli-assignment\\src\\components\\movie-description\\index.tsx","statementMap":{"0":{"start":{"line":1,"column":0},"end":{"line":1,"column":66}},"1":{"start":{"line":3,"column":0},"end":{"line":3,"column":47}},"2":{"start":{"line":4,"column":0},"end":{"line":4,"column":37}},"3":{"start":{"line":5,"column":0},"end":{"line":5,"column":44}},"4":{"start":{"line":10,"column":25},"end":{"line":52,"column":1}},"5":{"start":{"line":11,"column":2},"end":{"line":17,"column":3}},"6":{"start":{"line":12,"column":4},"end":{"line":16,"column":6}},"7":{"start":{"line":19,"column":29},"end":{"line":19,"column":53}},"8":{"start":{"line":20,"column":20},"end":{"line":20,"column":61}},"9":{"start":{"line":21,"column":2},"end":{"line":51,"column":4}},"10":{"start":{"line":53,"column":0},"end":{"line":53,"column":32}}},"fnMap":{"0":{"name":"(anonymous_0)","decl":{"start":{"line":10,"column":25},"end":{"line":10,"column":26}},"loc":{"start":{"line":10,"column":66},"end":{"line":52,"column":1}}}},"branchMap":{"0":{"loc":{"start":{"line":11,"column":2},"end":{"line":17,"column":3}},"type":"if","locations":[{"start":{"line":11,"column":2},"end":{"line":17,"column":3}}]},"1":{"loc":{"start":{"line":20,"column":37},"end":{"line":20,"column":60}},"type":"binary-expr","locations":[{"start":{"line":20,"column":37},"end":{"line":20,"column":54}},{"start":{"line":20,"column":58},"end":{"line":20,"column":60}}]},"2":{"loc":{"start":{"line":49,"column":24},"end":{"line":49,"column":47}},"type":"binary-expr","locations":[{"start":{"line":49,"column":24},"end":{"line":49,"column":41}},{"start":{"line":49,"column":45},"end":{"line":49,"column":47}}]}},"s":{"0":1,"1":1,"2":1,"3":1,"4":1,"5":14,"6":14,"7":0,"8":0,"9":0,"10":1},"f":{"0":14},"b":{"0":[14],"1":[0,0],"2":[0,0]}}
,"D:\\Assesment\\etraveli\\etraveli-assignment\\src\\components\\movie-list\\index.tsx": {"path":"D:\\Assesment\\etraveli\\etraveli-assignment\\src\\components\\movie-list\\index.tsx","statementMap":{"0":{"start":{"line":3,"column":0},"end":{"line":3,"column":null}},"1":{"start":{"line":18,"column":18},"end":{"line":52,"column":1}},"2":{"start":{"line":19,"column":2},"end":{"line":25,"column":3}},"3":{"start":{"line":20,"column":4},"end":{"line":24,"column":6}},"4":{"start":{"line":28,"column":2},"end":{"line":51,"column":4}},"5":{"start":{"line":39,"column":10},"end":{"line":40,"column":null}},"6":{"start":{"line":42,"column":27},"end":{"line":42,"column":52}},"7":{"start":{"line":54,"column":0},"end":{"line":54,"column":25}}},"fnMap":{"0":{"name":"(anonymous_0)","decl":{"start":{"line":18,"column":18},"end":{"line":18,"column":19}},"loc":{"start":{"line":18,"column":73},"end":{"line":52,"column":1}}},"1":{"name":"(anonymous_1)","decl":{"start":{"line":38,"column":20},"end":{"line":38,"column":21}},"loc":{"start":{"line":39,"column":10},"end":{"line":40,"column":null}}},"2":{"name":"(anonymous_2)","decl":{"start":{"line":42,"column":21},"end":{"line":42,"column":24}},"loc":{"start":{"line":42,"column":27},"end":{"line":42,"column":52}}}},"branchMap":{"0":{"loc":{"start":{"line":19,"column":2},"end":{"line":25,"column":3}},"type":"if","locations":[{"start":{"line":19,"column":2},"end":{"line":25,"column":3}}]}},"s":{"0":1,"1":1,"2":14,"3":5,"4":9,"5":60,"6":0,"7":1},"f":{"0":14,"1":60,"2":0},"b":{"0":[5]}}
,"D:\\Assesment\\etraveli\\etraveli-assignment\\src\\components\\movie-list\\styled.ts": {"path":"D:\\Assesment\\etraveli\\etraveli-assignment\\src\\components\\movie-list\\styled.ts","statementMap":{"0":{"start":{"line":1,"column":0},"end":{"line":1,"column":39}},"1":{"start":{"line":3,"column":13},"end":{"line":7,"column":2}},"2":{"start":{"line":8,"column":13},"end":{"line":10,"column":2}},"3":{"start":{"line":12,"column":13},"end":{"line":16,"column":2}},"4":{"start":{"line":17,"column":13},"end":{"line":20,"column":2}},"5":{"start":{"line":22,"column":13},"end":{"line":32,"column":2}},"6":{"start":{"line":28,"column":6},"end":{"line":28,"column":45}},"7":{"start":{"line":31,"column":4},"end":{"line":31,"column":47}}},"fnMap":{"0":{"name":"(anonymous_1)","decl":{"start":{"line":27,"column":24},"end":{"line":27,"column":25}},"loc":{"start":{"line":28,"column":6},"end":{"line":28,"column":45}}},"1":{"name":"(anonymous_2)","decl":{"start":{"line":30,"column":22},"end":{"line":30,"column":23}},"loc":{"start":{"line":31,"column":4},"end":{"line":31,"column":47}}}},"branchMap":{"0":{"loc":{"start":{"line":28,"column":6},"end":{"line":28,"column":45}},"type":"cond-expr","locations":[{"start":{"line":28,"column":24},"end":{"line":28,"column":33}},{"start":{"line":28,"column":36},"end":{"line":28,"column":45}}]},"1":{"loc":{"start":{"line":31,"column":4},"end":{"line":31,"column":47}},"type":"cond-expr","locations":[{"start":{"line":31,"column":22},"end":{"line":31,"column":31}},{"start":{"line":31,"column":34},"end":{"line":31,"column":47}}]}},"s":{"0":1,"1":1,"2":1,"3":1,"4":1,"5":1,"6":69,"7":69},"f":{"0":69,"1":69},"b":{"0":[0,69],"1":[0,69]}}
,"D:\\Assesment\\etraveli\\etraveli-assignment\\src\\components\\ratings\\index.tsx": {"path":"D:\\Assesment\\etraveli\\etraveli-assignment\\src\\components\\ratings\\index.tsx","statementMap":{"0":{"start":{"line":1,"column":0},"end":{"line":1,"column":50}},"1":{"start":{"line":2,"column":0},"end":{"line":2,"column":43}},"2":{"start":{"line":11,"column":23},"end":{"line":27,"column":1}},"3":{"start":{"line":12,"column":2},"end":{"line":26,"column":4}},"4":{"start":{"line":15,"column":33},"end":{"line":17,"column":null}},"5":{"start":{"line":19,"column":8},"end":{"line":23,"column":10}},"6":{"start":{"line":11,"column":13},"end":{"line":11,"column":23}}},"fnMap":{"0":{"name":"(anonymous_0)","decl":{"start":{"line":11,"column":23},"end":{"line":11,"column":24}},"loc":{"start":{"line":11,"column":48},"end":{"line":27,"column":1}}},"1":{"name":"(anonymous_1)","decl":{"start":{"line":14,"column":19},"end":{"line":14,"column":20}},"loc":{"start":{"line":14,"column":30},"end":{"line":24,"column":7}}}},"branchMap":{},"s":{"0":1,"1":1,"2":1,"3":0,"4":0,"5":0,"6":1},"f":{"0":0,"1":0},"b":{}}
,"D:\\Assesment\\etraveli\\etraveli-assignment\\src\\components\\ratings\\styled.ts": {"path":"D:\\Assesment\\etraveli\\etraveli-assignment\\src\\components\\ratings\\styled.ts","statementMap":{"0":{"start":{"line":1,"column":0},"end":{"line":1,"column":39}},"1":{"start":{"line":3,"column":13},"end":{"line":9,"column":2}}},"fnMap":{},"branchMap":{},"s":{"0":1,"1":1},"f":{},"b":{}}
,"D:\\Assesment\\etraveli\\etraveli-assignment\\src\\components\\star-rating\\index.tsx": {"path":"D:\\Assesment\\etraveli\\etraveli-assignment\\src\\components\\star-rating\\index.tsx","statementMap":{"0":{"start":{"line":1,"column":0},"end":{"line":1,"column":59}},"1":{"start":{"line":6,"column":26},"end":{"line":20,"column":1}},"2":{"start":{"line":7,"column":17},"end":{"line":7,"column":52}},"3":{"start":{"line":9,"column":2},"end":{"line":19,"column":4}},"4":{"start":{"line":12,"column":8},"end":{"line":15,"column":null}},"5":{"start":{"line":6,"column":13},"end":{"line":6,"column":26}}},"fnMap":{"0":{"name":"(anonymous_0)","decl":{"start":{"line":6,"column":26},"end":{"line":6,"column":27}},"loc":{"start":{"line":6,"column":62},"end":{"line":20,"column":1}}},"1":{"name":"(anonymous_1)","decl":{"start":{"line":11,"column":38},"end":{"line":11,"column":39}},"loc":{"start":{"line":12,"column":8},"end":{"line":15,"column":null}}}},"branchMap":{"0":{"loc":{"start":{"line":12,"column":8},"end":{"line":15,"column":null}},"type":"cond-expr","locations":[{"start":{"line":13,"column":10},"end":{"line":13,"column":34}},{"start":{"line":15,"column":10},"end":{"line":15,"column":37}}]}},"s":{"0":1,"1":1,"2":0,"3":0,"4":0,"5":1},"f":{"0":0,"1":0},"b":{"0":[0,0]}}
,"D:\\Assesment\\etraveli\\etraveli-assignment\\src\\hooks\\useGetImdbDetails.ts": {"path":"D:\\Assesment\\etraveli\\etraveli-assignment\\src\\hooks\\useGetImdbDetails.ts","statementMap":{"0":{"start":{"line":1,"column":0},"end":{"line":1,"column":49}},"1":{"start":{"line":2,"column":0},"end":{"line":2,"column":48}},"2":{"start":{"line":5,"column":33},"end":{"line":13,"column":1}},"3":{"start":{"line":6,"column":37},"end":{"line":11,"column":4}},"4":{"start":{"line":9,"column":6},"end":{"line":9,"column":75}},"5":{"start":{"line":12,"column":2},"end":{"line":12,"column":36}},"6":{"start":{"line":5,"column":13},"end":{"line":5,"column":33}}},"fnMap":{"0":{"name":"(anonymous_0)","decl":{"start":{"line":5,"column":33},"end":{"line":5,"column":34}},"loc":{"start":{"line":5,"column":50},"end":{"line":13,"column":1}}},"1":{"name":"(anonymous_1)","decl":{"start":{"line":8,"column":13},"end":{"line":8,"column":16}},"loc":{"start":{"line":9,"column":6},"end":{"line":9,"column":75}}}},"branchMap":{},"s":{"0":1,"1":1,"2":1,"3":0,"4":0,"5":0,"6":1},"f":{"0":0,"1":0},"b":{}}
,"D:\\Assesment\\etraveli\\etraveli-assignment\\src\\hooks\\useGetMovies.ts": {"path":"D:\\Assesment\\etraveli\\etraveli-assignment\\src\\hooks\\useGetMovies.ts","statementMap":{"0":{"start":{"line":1,"column":0},"end":{"line":1,"column":49}},"1":{"start":{"line":2,"column":0},"end":{"line":2,"column":35}},"2":{"start":{"line":5,"column":28},"end":{"line":11,"column":1}},"3":{"start":{"line":6,"column":37},"end":{"line":9,"column":4}},"4":{"start":{"line":10,"column":2},"end":{"line":10,"column":36}},"5":{"start":{"line":5,"column":13},"end":{"line":5,"column":28}}},"fnMap":{"0":{"name":"(anonymous_0)","decl":{"start":{"line":5,"column":28},"end":{"line":5,"column":31}},"loc":{"start":{"line":5,"column":33},"end":{"line":11,"column":1}}}},"branchMap":{},"s":{"0":1,"1":1,"2":1,"3":20,"4":20,"5":1},"f":{"0":20},"b":{}}
,"D:\\Assesment\\etraveli\\etraveli-assignment\\src\\mocks\\movies.ts": {"path":"D:\\Assesment\\etraveli\\etraveli-assignment\\src\\mocks\\movies.ts","statementMap":{"0":{"start":{"line":3,"column":13},"end":{"line":549,"column":2}},"1":{"start":{"line":551,"column":13},"end":{"line":1097,"column":2}},"2":{"start":{"line":1099,"column":13},"end":{"line":1396,"column":2}}},"fnMap":{},"branchMap":{},"s":{"0":3,"1":3,"2":3},"f":{},"b":{}}
,"D:\\Assesment\\etraveli\\etraveli-assignment\\src\\test\\handlers.ts": {"path":"D:\\Assesment\\etraveli\\etraveli-assignment\\src\\test\\handlers.ts","statementMap":{"0":{"start":{"line":1,"column":0},"end":{"line":1,"column":52}},"1":{"start":{"line":2,"column":0},"end":{"line":2,"column":27}},"2":{"start":{"line":4,"column":13},"end":{"line":8,"column":2}},"3":{"start":{"line":6,"column":4},"end":{"line":6,"column":62}}},"fnMap":{"0":{"name":"(anonymous_0)","decl":{"start":{"line":5,"column":48},"end":{"line":5,"column":49}},"loc":{"start":{"line":5,"column":66},"end":{"line":7,"column":3}}}},"branchMap":{},"s":{"0":3,"1":3,"2":3,"3":6},"f":{"0":6},"b":{}}
,"D:\\Assesment\\etraveli\\etraveli-assignment\\src\\test\\server.ts": {"path":"D:\\Assesment\\etraveli\\etraveli-assignment\\src\\test\\server.ts","statementMap":{"0":{"start":{"line":1,"column":0},"end":{"line":1,"column":39}},"1":{"start":{"line":2,"column":0},"end":{"line":2,"column":38}},"2":{"start":{"line":3,"column":13},"end":{"line":3,"column":47}}},"fnMap":{},"branchMap":{},"s":{"0":3,"1":3,"2":3},"f":{},"b":{}}
,"D:\\Assesment\\etraveli\\etraveli-assignment\\src\\test\\test-utils.tsx": {"path":"D:\\Assesment\\etraveli\\etraveli-assignment\\src\\test\\test-utils.tsx","statementMap":{"0":{"start":{"line":3,"column":0},"end":{"line":3,"column":48}},"1":{"start":{"line":4,"column":0},"end":{"line":4,"column":73}},"2":{"start":{"line":5,"column":0},"end":{"line":5,"column":34}},"3":{"start":{"line":6,"column":0},"end":{"line":6,"column":27}},"4":{"start":{"line":9,"column":32},"end":{"line":19,"column":1}},"5":{"start":{"line":10,"column":22},"end":{"line":14,"column":4}},"6":{"start":{"line":16,"column":2},"end":{"line":18,"column":4}},"7":{"start":{"line":9,"column":13},"end":{"line":9,"column":32}},"8":{"start":{"line":21,"column":28},"end":{"line":27,"column":1}},"9":{"start":{"line":22,"column":2},"end":{"line":26,"column":4}},"10":{"start":{"line":24,"column":6},"end":{"line":24,"column":50}},"11":{"start":{"line":21,"column":13},"end":{"line":21,"column":28}}},"fnMap":{"0":{"name":"(anonymous_0)","decl":{"start":{"line":9,"column":32},"end":{"line":9,"column":33}},"loc":{"start":{"line":9,"column":59},"end":{"line":19,"column":1}}},"1":{"name":"(anonymous_1)","decl":{"start":{"line":21,"column":28},"end":{"line":21,"column":29}},"loc":{"start":{"line":21,"column":52},"end":{"line":27,"column":1}}},"2":{"name":"(anonymous_2)","decl":{"start":{"line":23,"column":50},"end":{"line":23,"column":51}},"loc":{"start":{"line":23,"column":68},"end":{"line":25,"column":5}}}},"branchMap":{},"s":{"0":1,"1":1,"2":1,"3":1,"4":1,"5":6,"6":6,"7":1,"8":1,"9":0,"10":0,"11":1},"f":{"0":6,"1":0,"2":0},"b":{}}
,"D:\\Assesment\\etraveli\\etraveli-assignment\\src\\utils\\index.ts": {"path":"D:\\Assesment\\etraveli\\etraveli-assignment\\src\\utils\\index.ts","statementMap":{"0":{"start":{"line":1,"column":35},"end":{"line":20,"column":1}},"1":{"start":{"line":2,"column":2},"end":{"line":19,"column":3}},"2":{"start":{"line":4,"column":6},"end":{"line":4,"column":48}},"3":{"start":{"line":8,"column":6},"end":{"line":8,"column":50}},"4":{"start":{"line":12,"column":22},"end":{"line":12,"column":38}},"5":{"start":{"line":13,"column":6},"end":{"line":13,"column":33}},"6":{"start":{"line":17,"column":6},"end":{"line":17,"column":55}},"7":{"start":{"line":18,"column":6},"end":{"line":18,"column":15}},"8":{"start":{"line":1,"column":13},"end":{"line":1,"column":35}},"9":{"start":{"line":22,"column":32},"end":{"line":36,"column":1}},"10":{"start":{"line":25,"column":23},"end":{"line":25,"column":37}},"11":{"start":{"line":26,"column":2},"end":{"line":26,"column":35}},"12":{"start":{"line":26,"column":26},"end":{"line":26,"column":35}},"13":{"start":{"line":28,"column":24},"end":{"line":28,"column":25}},"14":{"start":{"line":29,"column":2},"end":{"line":33,"column":3}},"15":{"start":{"line":29,"column":15},"end":{"line":29,"column":16}},"16":{"start":{"line":30,"column":19},"end":{"line":30,"column":29}},"17":{"start":{"line":31,"column":29},"end":{"line":31,"column":77}},"18":{"start":{"line":32,"column":4},"end":{"line":32,"column":40}},"19":{"start":{"line":35,"column":2},"end":{"line":35,"column":52}},"20":{"start":{"line":22,"column":13},"end":{"line":22,"column":32}}},"fnMap":{"0":{"name":"(anonymous_0)","decl":{"start":{"line":1,"column":35},"end":{"line":1,"column":36}},"loc":{"start":{"line":1,"column":69},"end":{"line":20,"column":1}}},"1":{"name":"(anonymous_1)","decl":{"start":{"line":22,"column":32},"end":{"line":22,"column":null}},"loc":{"start":{"line":24,"column":4},"end":{"line":36,"column":1}}}},"branchMap":{"0":{"loc":{"start":{"line":2,"column":2},"end":{"line":19,"column":3}},"type":"switch","locations":[{"start":{"line":3,"column":4},"end":{"line":5,"column":5}},{"start":{"line":7,"column":4},"end":{"line":9,"column":5}},{"start":{"line":11,"column":4},"end":{"line":14,"column":5}},{"start":{"line":16,"column":4},"end":{"line":18,"column":15}}]},"1":{"loc":{"start":{"line":26,"column":2},"end":{"line":26,"column":35}},"type":"if","locations":[{"start":{"line":26,"column":2},"end":{"line":26,"column":35}}]}},"s":{"0":2,"1":25,"2":8,"3":8,"4":8,"5":8,"6":1,"7":1,"8":2,"9":2,"10":3,"11":3,"12":1,"13":2,"14":2,"15":2,"16":6,"17":6,"18":6,"19":2,"20":2},"f":{"0":25,"1":3},"b":{"0":[8,8,8,1],"1":[1]}}
}
