TN:
SF:src\api\index.ts
FN:1,(anonymous_0)
FN:11,(anonymous_1)
FNF:2
FNH:2
FNDA:8,(anonymous_0)
FNDA:1,(anonymous_1)
DA:1,1
DA:2,8
DA:3,8
DA:4,1
DA:5,1
DA:7,7
DA:8,7
DA:11,1
DA:12,1
DA:15,1
DA:16,0
DA:18,1
DA:19,1
LF:13
LH:12
BRDA:3,0,0,1
BRDA:5,1,0,1
BRDA:5,1,1,0
BRDA:15,2,0,0
BRF:4
BRH:2
end_of_record
TN:
SF:src\components\header\index.tsx
FN:9,(anonymous_1)
FNF:1
FNH:1
FNDA:21,(anonymous_1)
DA:1,2
DA:2,2
DA:3,2
DA:9,2
DA:10,21
DA:18,2
LF:6
LH:6
BRF:0
BRH:0
end_of_record
TN:
SF:src\components\header\styled.ts
FNF:0
FNH:0
DA:1,2
DA:3,2
LF:2
LH:2
BRF:0
BRH:0
end_of_record
TN:
SF:src\components\header\components\search-box\index.tsx
FN:5,(anonymous_0)
FN:10,(anonymous_1)
FNF:2
FNH:2
FNDA:21,(anonymous_0)
FNDA:7,(anonymous_1)
DA:5,2
DA:6,21
DA:11,7
LF:3
LH:3
BRF:0
BRH:0
end_of_record
TN:
SF:src\components\header\components\sortby\index.tsx
FN:6,(anonymous_0)
FN:9,(anonymous_1)
FNF:2
FNH:2
FNDA:22,(anonymous_0)
FNDA:2,(anonymous_1)
DA:1,2
DA:6,2
DA:7,22
DA:9,22
DA:10,2
DA:11,2
DA:12,2
DA:15,22
DA:38,2
LF:9
LH:9
BRF:0
BRH:0
end_of_record
TN:
SF:src\components\home\index.tsx
FN:14,(anonymous_1)
FN:21,(anonymous_2)
FN:27,(anonymous_3)
FN:28,(anonymous_4)
FN:36,(anonymous_5)
FN:38,(anonymous_6)
FN:44,(anonymous_7)
FN:50,(anonymous_8)
FNF:8
FNH:8
FNDA:27,(anonymous_1)
FNDA:15,(anonymous_2)
FNDA:1,(anonymous_3)
FNDA:3,(anonymous_4)
FNDA:3,(anonymous_5)
FNDA:21,(anonymous_6)
FNDA:1,(anonymous_7)
FNDA:74,(anonymous_8)
DA:1,1
DA:2,1
DA:3,1
DA:4,1
DA:5,1
DA:7,1
DA:12,1
DA:14,1
DA:15,27
DA:17,27
DA:19,27
DA:21,27
DA:22,15
DA:23,7
DA:27,27
DA:28,3
DA:29,1
DA:30,1
DA:32,0
DA:36,27
DA:37,3
DA:38,3
DA:39,21
DA:41,3
DA:44,27
DA:45,1
DA:46,1
DA:50,74
DA:56,27
DA:57,8
DA:60,19
DA:61,2
DA:64,17
DA:86,1
LF:34
LH:33
BRDA:22,0,0,7
BRDA:23,1,0,7
BRDA:23,1,1,1
BRDA:29,2,0,1
BRDA:29,2,1,0
BRDA:41,3,0,3
BRDA:41,3,1,0
BRDA:45,4,0,1
BRDA:45,4,1,0
BRDA:50,5,0,27
BRDA:50,5,1,15
BRDA:56,6,0,8
BRDA:60,7,0,2
BRF:13
BRH:10
end_of_record
TN:
SF:src\components\home\styled.ts
FNF:0
FNH:0
DA:1,1
DA:3,1
DA:8,1
DA:13,1
LF:4
LH:4
BRF:0
BRH:0
end_of_record
TN:
SF:src\components\movie-description\index.tsx
FN:16,(anonymous_0)
FNF:1
FNH:1
FNDA:18,(anonymous_0)
DA:1,1
DA:3,1
DA:4,1
DA:5,1
DA:6,1
DA:16,1
DA:17,18
DA:18,16
DA:25,2
DA:26,2
DA:27,2
DA:47,1
LF:12
LH:12
BRDA:17,0,0,16
BRDA:26,1,0,2
BRDA:26,1,1,1
BRDA:43,2,0,2
BRDA:43,2,1,1
BRF:5
BRH:5
end_of_record
TN:
SF:src\components\movie-description\styled.ts
FNF:0
FNH:0
DA:1,1
DA:3,1
DA:7,1
DA:12,1
DA:19,1
LF:5
LH:5
BRF:0
BRH:0
end_of_record
TN:
SF:src\components\movie-list\index.tsx
FN:19,(anonymous_0)
FN:41,(anonymous_1)
FN:45,(anonymous_2)
FNF:3
FNH:3
FNDA:17,(anonymous_0)
FNDA:74,(anonymous_1)
FNDA:1,(anonymous_2)
DA:3,1
DA:19,1
DA:20,17
DA:21,6
DA:28,11
DA:42,74
DA:45,1
DA:59,1
LF:8
LH:8
BRDA:20,0,0,6
BRDA:40,1,0,11
BRDA:40,1,1,0
BRF:3
BRH:2
end_of_record
TN:
SF:src\components\movie-list\styled.ts
FN:39,(anonymous_1)
FN:42,(anonymous_2)
FNF:2
FNH:2
FNDA:85,(anonymous_1)
FNDA:85,(anonymous_2)
DA:1,1
DA:3,1
DA:8,1
DA:12,1
DA:18,1
DA:24,1
DA:28,1
DA:34,1
DA:40,85
DA:43,85
LF:10
LH:10
BRDA:40,0,0,1
BRDA:40,0,1,84
BRDA:43,1,0,1
BRDA:43,1,1,84
BRF:4
BRH:4
end_of_record
TN:
SF:src\components\ratings\index.tsx
FN:11,(anonymous_0)
FN:14,(anonymous_1)
FNF:2
FNH:2
FNDA:2,(anonymous_0)
FNDA:3,(anonymous_1)
DA:1,1
DA:2,1
DA:11,1
DA:12,2
DA:15,3
DA:19,3
LF:6
LH:6
BRF:0
BRH:0
end_of_record
TN:
SF:src\components\ratings\styled.ts
FNF:0
FNH:0
DA:1,1
DA:3,1
LF:2
LH:2
BRF:0
BRH:0
end_of_record
TN:
SF:src\components\star-rating\index.tsx
FN:6,(anonymous_0)
FN:11,(anonymous_1)
FNF:2
FNH:2
FNDA:2,(anonymous_0)
FNDA:20,(anonymous_1)
DA:1,1
DA:6,1
DA:7,2
DA:9,2
DA:12,20
LF:5
LH:5
BRDA:12,0,0,8
BRDA:12,0,1,12
BRF:2
BRH:2
end_of_record
TN:
SF:src\hooks\useGetImdbDetails.ts
FN:5,(anonymous_0)
FN:8,(anonymous_1)
FNF:2
FNH:2
FNDA:2,(anonymous_0)
FNDA:1,(anonymous_1)
DA:1,1
DA:2,1
DA:5,1
DA:6,2
DA:9,1
DA:12,2
LF:6
LH:6
BRF:0
BRH:0
end_of_record
TN:
SF:src\hooks\useGetMovies.ts
FN:5,(anonymous_0)
FNF:1
FNH:1
FNDA:27,(anonymous_0)
DA:1,1
DA:2,1
DA:5,1
DA:6,27
DA:10,27
LF:5
LH:5
BRF:0
BRH:0
end_of_record
TN:
SF:src\test\handlers.ts
FN:5,(anonymous_0)
FN:11,(anonymous_1)
FNF:2
FNH:2
FNDA:7,(anonymous_0)
FNDA:1,(anonymous_1)
DA:1,3
DA:2,3
DA:4,3
DA:6,7
DA:10,3
DA:12,1
LF:6
LH:6
BRF:0
BRH:0
end_of_record
TN:
SF:src\test\server.ts
FNF:0
FNH:0
DA:1,3
DA:2,3
DA:3,3
LF:3
LH:3
BRF:0
BRH:0
end_of_record
TN:
SF:src\test\test-utils.tsx
FN:9,(anonymous_0)
FN:21,(anonymous_1)
FN:23,(anonymous_2)
FNF:3
FNH:1
FNDA:8,(anonymous_0)
FNDA:0,(anonymous_1)
FNDA:0,(anonymous_2)
DA:3,1
DA:4,1
DA:5,1
DA:6,1
DA:9,1
DA:10,8
DA:16,8
DA:21,1
DA:22,0
DA:24,0
LF:10
LH:8
BRF:0
BRH:0
end_of_record
TN:
SF:src\test\mocks\movies.ts
FNF:0
FNH:0
DA:3,3
DA:551,3
DA:1099,3
LF:3
LH:3
BRF:0
BRH:0
end_of_record
TN:
SF:src\utils\index.ts
FN:3,(anonymous_0)
FN:24,(anonymous_1)
FN:40,(anonymous_2)
FN:43,(anonymous_3)
FN:45,(anonymous_4)
FN:48,(anonymous_5)
FNF:6
FNH:4
FNDA:31,(anonymous_0)
FNDA:5,(anonymous_1)
FNDA:1,(anonymous_2)
FNDA:12,(anonymous_3)
FNDA:0,(anonymous_4)
FNDA:0,(anonymous_5)
DA:3,2
DA:4,31
DA:6,10
DA:10,10
DA:14,10
DA:15,10
DA:19,1
DA:20,1
DA:24,2
DA:27,5
DA:28,5
DA:30,3
DA:31,3
DA:32,9
DA:33,9
DA:34,9
DA:37,3
DA:40,2
DA:41,1
DA:43,12
DA:45,0
DA:47,0
DA:49,0
DA:53,0
LF:24
LH:20
BRDA:4,0,0,10
BRDA:4,0,1,10
BRDA:4,0,2,10
BRDA:4,0,3,1
BRDA:28,1,0,2
BRDA:41,2,0,1
BRDA:41,2,1,0
BRDA:41,2,2,0
BRDA:41,2,3,0
BRF:9
BRH:6
end_of_record
