TN:
SF:src\api\index.ts
FN:1,(anonymous_0)
FN:11,(anonymous_1)
FNF:2
FNH:2
FNDA:8,(anonymous_0)
FNDA:42,(anonymous_1)
DA:1,1
DA:2,8
DA:3,8
DA:4,1
DA:5,1
DA:7,7
DA:8,7
DA:11,1
DA:12,42
DA:15,42
DA:16,0
DA:18,42
DA:19,42
LF:13
LH:12
BRDA:3,0,0,1
BRDA:5,1,0,1
BRDA:5,1,1,0
BRDA:15,2,0,0
BRF:4
BRH:2
end_of_record
TN:
SF:src\components\header\index.tsx
FN:9,(anonymous_1)
FNF:1
FNH:1
FNDA:15,(anonymous_1)
DA:1,2
DA:2,2
DA:3,2
DA:9,2
DA:10,15
DA:18,2
LF:6
LH:6
BRF:0
BRH:0
end_of_record
TN:
SF:src\components\header\styled.ts
FNF:0
FNH:0
DA:1,2
DA:3,2
LF:2
LH:2
BRF:0
BRH:0
end_of_record
TN:
SF:src\components\header\components\search-box\index.tsx
FN:5,(anonymous_0)
FN:10,(anonymous_1)
FNF:2
FNH:2
FNDA:15,(anonymous_0)
FNDA:7,(anonymous_1)
DA:5,2
DA:6,15
DA:11,7
LF:3
LH:3
BRF:0
BRH:0
end_of_record
TN:
SF:src\components\header\components\sortby\index.tsx
FN:6,(anonymous_0)
FN:9,(anonymous_1)
FNF:2
FNH:2
FNDA:16,(anonymous_0)
FNDA:2,(anonymous_1)
DA:1,2
DA:6,2
DA:7,16
DA:9,16
DA:10,2
DA:11,2
DA:12,2
DA:15,16
DA:39,2
LF:9
LH:9
BRF:0
BRH:0
end_of_record
TN:
SF:src\components\home\index.tsx
FN:19,(anonymous_1)
FN:41,(anonymous_2)
FN:42,(anonymous_3)
FN:50,(anonymous_4)
FN:55,(anonymous_5)
FN:79,(anonymous_6)
FNF:6
FNH:6
FNDA:56,(anonymous_1)
FNDA:1,(anonymous_2)
FNDA:3,(anonymous_3)
FNDA:3,(anonymous_4)
FNDA:1,(anonymous_5)
FNDA:73,(anonymous_6)
DA:1,1
DA:2,1
DA:3,1
DA:4,1
DA:5,1
DA:7,1
DA:12,1
DA:17,1
DA:19,1
DA:20,56
DA:21,56
DA:22,56
DA:29,56
DA:31,56
DA:41,56
DA:42,3
DA:43,1
DA:44,1
DA:46,0
DA:50,56
DA:51,3
DA:52,3
DA:55,56
DA:56,1
DA:59,56
DA:60,44
DA:63,12
DA:64,1
DA:67,11
DA:68,0
DA:71,11
DA:73,11
DA:75,11
DA:76,11
DA:78,11
DA:79,73
DA:82,11
DA:110,1
LF:38
LH:36
BRDA:29,0,0,56
BRDA:29,0,1,9
BRDA:43,1,0,1
BRDA:43,1,1,0
BRDA:59,2,0,44
BRDA:59,3,0,56
BRDA:59,3,1,48
BRDA:63,4,0,1
BRDA:67,5,0,0
BRDA:71,6,0,11
BRDA:71,6,1,0
BRDA:97,7,0,1
BRDA:97,7,1,10
BRF:13
BRH:10
end_of_record
TN:
SF:src\components\home\styled.ts
FNF:0
FNH:0
DA:1,1
DA:3,1
DA:8,1
DA:13,1
LF:4
LH:4
BRF:0
BRH:0
end_of_record
TN:
SF:src\components\movie-description\index.tsx
FN:14,(anonymous_0)
FNF:1
FNH:1
FNDA:1,(anonymous_0)
DA:2,1
DA:3,1
DA:4,1
DA:14,1
DA:17,1
DA:18,0
DA:33,1
DA:34,1
DA:54,1
LF:9
LH:8
BRDA:17,0,0,0
BRDA:50,1,0,1
BRDA:50,1,1,0
BRF:3
BRH:1
end_of_record
TN:
SF:src\components\movie-description\styled.ts
FNF:0
FNH:0
DA:1,1
DA:3,1
DA:7,1
DA:12,1
DA:19,1
LF:5
LH:5
BRF:0
BRH:0
end_of_record
TN:
SF:src\components\movie-list\index.tsx
FN:20,(anonymous_0)
FN:46,(anonymous_1)
FN:52,(anonymous_2)
FNF:3
FNH:3
FNDA:11,(anonymous_0)
FNDA:74,(anonymous_1)
FNDA:1,(anonymous_2)
DA:3,1
DA:12,1
DA:20,1
DA:25,11
DA:26,0
DA:33,11
DA:47,74
DA:48,74
DA:52,1
DA:70,1
LF:10
LH:9
BRDA:25,0,0,0
BRF:1
BRH:0
end_of_record
TN:
SF:src\components\movie-list\styled.ts
FN:39,(anonymous_1)
FN:42,(anonymous_2)
FNF:2
FNH:2
FNDA:85,(anonymous_1)
FNDA:85,(anonymous_2)
DA:1,1
DA:3,1
DA:8,1
DA:12,1
DA:18,1
DA:24,1
DA:28,1
DA:34,1
DA:40,85
DA:43,85
LF:10
LH:10
BRDA:40,0,0,1
BRDA:40,0,1,84
BRDA:43,1,0,1
BRDA:43,1,1,84
BRF:4
BRH:4
end_of_record
TN:
SF:src\components\ratings\index.tsx
FN:11,(anonymous_0)
FN:14,(anonymous_1)
FNF:2
FNH:2
FNDA:1,(anonymous_0)
FNDA:3,(anonymous_1)
DA:1,1
DA:2,1
DA:11,1
DA:12,1
DA:15,3
DA:19,3
LF:6
LH:6
BRF:0
BRH:0
end_of_record
TN:
SF:src\components\ratings\styled.ts
FNF:0
FNH:0
DA:1,1
DA:3,1
LF:2
LH:2
BRF:0
BRH:0
end_of_record
TN:
SF:src\components\star-rating\index.tsx
FN:6,(anonymous_0)
FN:11,(anonymous_1)
FNF:2
FNH:2
FNDA:75,(anonymous_0)
FNDA:750,(anonymous_1)
DA:1,1
DA:6,1
DA:7,75
DA:9,75
DA:12,750
LF:5
LH:5
BRDA:12,0,0,564
BRDA:12,0,1,186
BRF:2
BRH:2
end_of_record
TN:
SF:src\hooks\useGetMovies.ts
FN:5,(anonymous_0)
FNF:1
FNH:1
FNDA:56,(anonymous_0)
DA:1,1
DA:2,1
DA:5,1
DA:6,56
DA:10,56
LF:5
LH:5
BRF:0
BRH:0
end_of_record
TN:
SF:src\hooks\useGetRatings.ts
FN:6,(anonymous_0)
FN:8,(anonymous_1)
FN:10,(anonymous_2)
FN:17,(anonymous_3)
FN:19,(anonymous_4)
FN:20,(anonymous_5)
FNF:6
FNH:6
FNDA:56,(anonymous_0)
FNDA:329,(anonymous_1)
FNDA:42,(anonymous_2)
FNDA:329,(anonymous_3)
FNDA:169,(anonymous_4)
FNDA:329,(anonymous_5)
DA:1,1
DA:3,1
DA:6,1
DA:7,56
DA:8,329
DA:11,42
DA:16,56
DA:17,329
DA:19,169
DA:20,329
DA:22,56
LF:11
LH:11
BRDA:12,0,0,329
BRDA:12,0,1,329
BRF:2
BRH:2
end_of_record
TN:
SF:src\test\handlers.ts
FN:5,(anonymous_0)
FN:11,(anonymous_1)
FNF:2
FNH:2
FNDA:7,(anonymous_0)
FNDA:1,(anonymous_1)
DA:1,3
DA:2,3
DA:4,3
DA:6,7
DA:10,3
DA:12,1
LF:6
LH:6
BRF:0
BRH:0
end_of_record
TN:
SF:src\test\server.ts
FNF:0
FNH:0
DA:1,3
DA:2,3
DA:3,3
LF:3
LH:3
BRF:0
BRH:0
end_of_record
TN:
SF:src\test\test-utils.tsx
FN:9,(anonymous_0)
FN:21,(anonymous_1)
FN:23,(anonymous_2)
FNF:3
FNH:1
FNDA:8,(anonymous_0)
FNDA:0,(anonymous_1)
FNDA:0,(anonymous_2)
DA:3,1
DA:4,1
DA:5,1
DA:6,1
DA:9,1
DA:10,8
DA:16,8
DA:21,1
DA:22,0
DA:24,0
LF:10
LH:8
BRF:0
BRH:0
end_of_record
TN:
SF:src\test\mocks\movies.ts
FNF:0
FNH:0
DA:3,3
DA:551,3
DA:1099,3
DA:1398,3
DA:1442,3
LF:5
LH:5
BRF:0
BRH:0
end_of_record
TN:
SF:src\utils\index.ts
FN:3,(anonymous_0)
FN:24,(anonymous_1)
FN:40,(anonymous_2)
FN:46,(anonymous_3)
FN:48,(anonymous_4)
FN:51,(anonymous_5)
FN:56,(anonymous_6)
FN:69,(anonymous_7)
FN:74,(anonymous_8)
FN:80,(anonymous_9)
FN:84,(anonymous_10)
FN:92,(anonymous_11)
FN:93,(anonymous_12)
FNF:13
FNH:13
FNDA:262,(anonymous_0)
FNDA:81,(anonymous_1)
FNDA:16,(anonymous_2)
FNDA:24,(anonymous_3)
FNDA:13,(anonymous_4)
FNDA:6,(anonymous_5)
FNDA:12,(anonymous_6)
FNDA:11,(anonymous_7)
FNDA:21,(anonymous_8)
FNDA:12,(anonymous_9)
FNDA:78,(anonymous_10)
FNDA:78,(anonymous_11)
FNDA:309,(anonymous_12)
DA:3,2
DA:4,262
DA:6,87
DA:10,87
DA:14,87
DA:15,87
DA:19,1
DA:20,1
DA:24,2
DA:27,81
DA:28,81
DA:30,80
DA:31,80
DA:32,240
DA:33,240
DA:34,240
DA:37,80
DA:40,2
DA:44,16
DA:46,24
DA:48,13
DA:50,1
DA:52,6
DA:56,1
DA:57,12
DA:58,12
DA:60,12
DA:61,6
DA:62,0
DA:65,11
DA:69,2
DA:73,11
DA:75,21
DA:80,2
DA:84,78
DA:92,12
DA:93,78
DA:94,309
DA:97,78
DA:98,78
DA:99,78
DA:100,78
DA:103,12
LF:43
LH:42
BRDA:4,0,0,87
BRDA:4,0,1,87
BRDA:4,0,2,87
BRDA:4,0,3,1
BRDA:28,1,0,1
BRDA:44,2,0,2
BRDA:44,2,1,1
BRDA:44,2,2,1
BRDA:44,2,3,1
BRDA:44,2,4,11
BRDA:57,3,0,12
BRDA:57,3,1,0
BRDA:58,4,0,12
BRDA:58,4,1,0
BRDA:60,5,0,6
BRDA:61,6,0,6
BRDA:73,7,0,3
BRDA:73,7,1,8
BRDA:75,8,0,21
BRDA:75,8,1,0
BRDA:97,9,0,78
BRDA:97,9,1,0
BRDA:98,10,0,78
BRDA:98,10,1,0
BRDA:99,11,0,78
BRDA:99,11,1,0
BRF:26
BRH:20
end_of_record
